======== Resolving module 'react/jsx-runtime' from '/Users/aarnawa/personal-projects/PortfolioWebsite/my-portfolio/src/App.tsx'. ========
Explicitly specified module resolution kind: 'Bundler'.
Resolving in CJS mode with conditions 'import', 'types'.
File '/Users/aarnawa/personal-projects/PortfolioWebsite/my-portfolio/src/package.json' does not exist.
Found 'package.json' at '/Users/aarnawa/personal-projects/PortfolioWebsite/my-portfolio/package.json'.
Loading module 'react/jsx-runtime' from 'node_modules' folder, target file types: TypeScript, JavaScript, Declaration, JSON.
Searching all ancestor node_modules directories for preferred extensions: TypeScript, Declaration.
Directory '/Users/aarnawa/personal-projects/PortfolioWebsite/my-portfolio/src/node_modules' does not exist, skipping all lookups in it.
Found 'package.json' at '/Users/aarnawa/personal-projects/PortfolioWebsite/my-portfolio/node_modules/react/package.json'.
Entering conditional exports.
Saw non-matching condition 'react-server'.
Matched 'exports' condition 'default'.
Using 'exports' subpath './jsx-runtime' with target './jsx-runtime.js'.
File name '/Users/aarnawa/personal-projects/PortfolioWebsite/my-portfolio/node_modules/react/jsx-runtime.js' has a '.js' extension - stripping it.
File '/Users/aarnawa/personal-projects/PortfolioWebsite/my-portfolio/node_modules/react/jsx-runtime.ts' does not exist.
File '/Users/aarnawa/personal-projects/PortfolioWebsite/my-portfolio/node_modules/react/jsx-runtime.tsx' does not exist.
File '/Users/aarnawa/personal-projects/PortfolioWebsite/my-portfolio/node_modules/react/jsx-runtime.d.ts' does not exist.
Failed to resolve under condition 'default'.
Exiting conditional exports.
Export specifier './jsx-runtime' does not exist in package.json scope at path '/Users/aarnawa/personal-projects/PortfolioWebsite/my-portfolio/node_modules/react'.
Found 'package.json' at '/Users/aarnawa/personal-projects/PortfolioWebsite/my-portfolio/node_modules/@types/react/package.json'.
Entering conditional exports.
Saw non-matching condition 'types@<=5.0'.
Matched 'exports' condition 'types'.
Entering conditional exports.
Matched 'exports' condition 'default'.
Using 'exports' subpath './jsx-runtime' with target './jsx-runtime.d.ts'.
File '/Users/aarnawa/personal-projects/PortfolioWebsite/my-portfolio/node_modules/@types/react/jsx-runtime.d.ts' exists - use it as a name resolution result.
'package.json' has a 'peerDependencies' field.
Resolving real path for '/Users/aarnawa/personal-projects/PortfolioWebsite/my-portfolio/node_modules/@types/react', result '/Users/aarnawa/personal-projects/PortfolioWebsite/my-portfolio/node_modules/@types/react'.
Resolved under condition 'default'.
Exiting conditional exports.
Resolved under condition 'types'.
Exiting conditional exports.
Resolving real path for '/Users/aarnawa/personal-projects/PortfolioWebsite/my-portfolio/node_modules/@types/react/jsx-runtime.d.ts', result '/Users/aarnawa/personal-projects/PortfolioWebsite/my-portfolio/node_modules/@types/react/jsx-runtime.d.ts'.
======== Module name 'react/jsx-runtime' was successfully resolved to '/Users/aarnawa/personal-projects/PortfolioWebsite/my-portfolio/node_modules/@types/react/jsx-runtime.d.ts' with Package ID '@types/react/jsx-runtime.d.ts@19.2.9'. ========
======== Resolving module './components/Header' from '/Users/aarnawa/personal-projects/PortfolioWebsite/my-portfolio/src/App.tsx'. ========
Explicitly specified module resolution kind: 'Bundler'.
Resolving in CJS mode with conditions 'import', 'types'.
Loading module as file / folder, candidate module location '/Users/aarnawa/personal-projects/PortfolioWebsite/my-portfolio/src/components/Header', target file types: TypeScript, JavaScript, Declaration, JSON.
File '/Users/aarnawa/personal-projects/PortfolioWebsite/my-portfolio/src/components/Header.ts' does not exist.
File '/Users/aarnawa/personal-projects/PortfolioWebsite/my-portfolio/src/components/Header.tsx' exists - use it as a name resolution result.
======== Module name './components/Header' was successfully resolved to '/Users/aarnawa/personal-projects/PortfolioWebsite/my-portfolio/src/components/Header.tsx'. ========
======== Resolving module './components/Section' from '/Users/aarnawa/personal-projects/PortfolioWebsite/my-portfolio/src/App.tsx'. ========
Explicitly specified module resolution kind: 'Bundler'.
Resolving in CJS mode with conditions 'import', 'types'.
Loading module as file / folder, candidate module location '/Users/aarnawa/personal-projects/PortfolioWebsite/my-portfolio/src/components/Section', target file types: TypeScript, JavaScript, Declaration, JSON.
File '/Users/aarnawa/personal-projects/PortfolioWebsite/my-portfolio/src/components/Section.ts' does not exist.
File '/Users/aarnawa/personal-projects/PortfolioWebsite/my-portfolio/src/components/Section.tsx' exists - use it as a name resolution result.
======== Module name './components/Section' was successfully resolved to '/Users/aarnawa/personal-projects/PortfolioWebsite/my-portfolio/src/components/Section.tsx'. ========
======== Resolving module './components/Skills' from '/Users/aarnawa/personal-projects/PortfolioWebsite/my-portfolio/src/App.tsx'. ========
Explicitly specified module resolution kind: 'Bundler'.
Resolving in CJS mode with conditions 'import', 'types'.
Loading module as file / folder, candidate module location '/Users/aarnawa/personal-projects/PortfolioWebsite/my-portfolio/src/components/Skills', target file types: TypeScript, JavaScript, Declaration, JSON.
File '/Users/aarnawa/personal-projects/PortfolioWebsite/my-portfolio/src/components/Skills.ts' does not exist.
File '/Users/aarnawa/personal-projects/PortfolioWebsite/my-portfolio/src/components/Skills.tsx' exists - use it as a name resolution result.
======== Module name './components/Skills' was successfully resolved to '/Users/aarnawa/personal-projects/PortfolioWebsite/my-portfolio/src/components/Skills.tsx'. ========
======== Resolving module './components/Education' from '/Users/aarnawa/personal-projects/PortfolioWebsite/my-portfolio/src/App.tsx'. ========
Explicitly specified module resolution kind: 'Bundler'.
Resolving in CJS mode with conditions 'import', 'types'.
Loading module as file / folder, candidate module location '/Users/aarnawa/personal-projects/PortfolioWebsite/my-portfolio/src/components/Education', target file types: TypeScript, JavaScript, Declaration, JSON.
File '/Users/aarnawa/personal-projects/PortfolioWebsite/my-portfolio/src/components/Education.ts' does not exist.
File '/Users/aarnawa/personal-projects/PortfolioWebsite/my-portfolio/src/components/Education.tsx' exists - use it as a name resolution result.
======== Module name './components/Education' was successfully resolved to '/Users/aarnawa/personal-projects/PortfolioWebsite/my-portfolio/src/components/Education.tsx'. ========
======== Resolving module './components/Projects' from '/Users/aarnawa/personal-projects/PortfolioWebsite/my-portfolio/src/App.tsx'. ========
Explicitly specified module resolution kind: 'Bundler'.
Resolving in CJS mode with conditions 'import', 'types'.
Loading module as file / folder, candidate module location '/Users/aarnawa/personal-projects/PortfolioWebsite/my-portfolio/src/components/Projects', target file types: TypeScript, JavaScript, Declaration, JSON.
File '/Users/aarnawa/personal-projects/PortfolioWebsite/my-portfolio/src/components/Projects.ts' does not exist.
File '/Users/aarnawa/personal-projects/PortfolioWebsite/my-portfolio/src/components/Projects.tsx' exists - use it as a name resolution result.
======== Module name './components/Projects' was successfully resolved to '/Users/aarnawa/personal-projects/PortfolioWebsite/my-portfolio/src/components/Projects.tsx'. ========
======== Resolving module './components/Experience' from '/Users/aarnawa/personal-projects/PortfolioWebsite/my-portfolio/src/App.tsx'. ========
Explicitly specified module resolution kind: 'Bundler'.
Resolving in CJS mode with conditions 'import', 'types'.
Loading module as file / folder, candidate module location '/Users/aarnawa/personal-projects/PortfolioWebsite/my-portfolio/src/components/Experience', target file types: TypeScript, JavaScript, Declaration, JSON.
File '/Users/aarnawa/personal-projects/PortfolioWebsite/my-portfolio/src/components/Experience.ts' does not exist.
File '/Users/aarnawa/personal-projects/PortfolioWebsite/my-portfolio/src/components/Experience.tsx' exists - use it as a name resolution result.
======== Module name './components/Experience' was successfully resolved to '/Users/aarnawa/personal-projects/PortfolioWebsite/my-portfolio/src/components/Experience.tsx'. ========
File '/Users/aarnawa/personal-projects/PortfolioWebsite/my-portfolio/node_modules/@types/react/package.json' exists according to earlier cached lookups.
======== Resolving module 'react' from '/Users/aarnawa/personal-projects/PortfolioWebsite/my-portfolio/node_modules/@types/react/jsx-runtime.d.ts'. ========
Explicitly specified module resolution kind: 'Bundler'.
Resolving in CJS mode with conditions 'import', 'types'.
File '/Users/aarnawa/personal-projects/PortfolioWebsite/my-portfolio/node_modules/@types/react/package.json' exists according to earlier cached lookups.
Loading module 'react' from 'node_modules' folder, target file types: TypeScript, JavaScript, Declaration, JSON.
Searching all ancestor node_modules directories for preferred extensions: TypeScript, Declaration.
Directory '/Users/aarnawa/personal-projects/PortfolioWebsite/my-portfolio/node_modules/@types/react/node_modules' does not exist, skipping all lookups in it.
Directory '/Users/aarnawa/personal-projects/PortfolioWebsite/my-portfolio/node_modules/@types/node_modules' does not exist, skipping all lookups in it.
File '/Users/aarnawa/personal-projects/PortfolioWebsite/my-portfolio/node_modules/react/package.json' exists according to earlier cached lookups.
Entering conditional exports.
Saw non-matching condition 'react-server'.
Matched 'exports' condition 'default'.
Using 'exports' subpath '.' with target './index.js'.
File name '/Users/aarnawa/personal-projects/PortfolioWebsite/my-portfolio/node_modules/react/index.js' has a '.js' extension - stripping it.
File '/Users/aarnawa/personal-projects/PortfolioWebsite/my-portfolio/node_modules/react/index.ts' does not exist.
File '/Users/aarnawa/personal-projects/PortfolioWebsite/my-portfolio/node_modules/react/index.tsx' does not exist.
File '/Users/aarnawa/personal-projects/PortfolioWebsite/my-portfolio/node_modules/react/index.d.ts' does not exist.
Failed to resolve under condition 'default'.
Exiting conditional exports.
File '/Users/aarnawa/personal-projects/PortfolioWebsite/my-portfolio/node_modules/@types/react/package.json' exists according to earlier cached lookups.
Entering conditional exports.
Saw non-matching condition 'types@<=5.0'.
Matched 'exports' condition 'types'.
Entering conditional exports.
Matched 'exports' condition 'default'.
Using 'exports' subpath '.' with target './index.d.ts'.
File '/Users/aarnawa/personal-projects/PortfolioWebsite/my-portfolio/node_modules/@types/react/index.d.ts' exists - use it as a name resolution result.
Resolved under condition 'default'.
Exiting conditional exports.
Resolved under condition 'types'.
Exiting conditional exports.
Resolving real path for '/Users/aarnawa/personal-projects/PortfolioWebsite/my-portfolio/node_modules/@types/react/index.d.ts', result '/Users/aarnawa/personal-projects/PortfolioWebsite/my-portfolio/node_modules/@types/react/index.d.ts'.
======== Module name 'react' was successfully resolved to '/Users/aarnawa/personal-projects/PortfolioWebsite/my-portfolio/node_modules/@types/react/index.d.ts' with Package ID '@types/react/index.d.ts@19.2.9'. ========
File '/Users/aarnawa/personal-projects/PortfolioWebsite/my-portfolio/node_modules/@types/react/package.json' exists according to earlier cached lookups.
File '/Users/aarnawa/personal-projects/PortfolioWebsite/my-portfolio/node_modules/@types/react/package.json' exists according to earlier cached lookups.
======== Resolving module 'csstype' from '/Users/aarnawa/personal-projects/PortfolioWebsite/my-portfolio/node_modules/@types/react/index.d.ts'. ========
Explicitly specified module resolution kind: 'Bundler'.
Resolving in CJS mode with conditions 'import', 'types'.
File '/Users/aarnawa/personal-projects/PortfolioWebsite/my-portfolio/node_modules/@types/react/package.json' exists according to earlier cached lookups.
Loading module 'csstype' from 'node_modules' folder, target file types: TypeScript, JavaScript, Declaration, JSON.
Searching all ancestor node_modules directories for preferred extensions: TypeScript, Declaration.
Directory '/Users/aarnawa/personal-projects/PortfolioWebsite/my-portfolio/node_modules/@types/react/node_modules' does not exist, skipping all lookups in it.
Directory '/Users/aarnawa/personal-projects/PortfolioWebsite/my-portfolio/node_modules/@types/node_modules' does not exist, skipping all lookups in it.
Found 'package.json' at '/Users/aarnawa/personal-projects/PortfolioWebsite/my-portfolio/node_modules/csstype/package.json'.
File '/Users/aarnawa/personal-projects/PortfolioWebsite/my-portfolio/node_modules/csstype.ts' does not exist.
File '/Users/aarnawa/personal-projects/PortfolioWebsite/my-portfolio/node_modules/csstype.tsx' does not exist.
File '/Users/aarnawa/personal-projects/PortfolioWebsite/my-portfolio/node_modules/csstype.d.ts' does not exist.
'package.json' does not have a 'typesVersions' field.
'package.json' does not have a 'typings' field.
'package.json' has 'types' field 'index.d.ts' that references '/Users/aarnawa/personal-projects/PortfolioWebsite/my-portfolio/node_modules/csstype/index.d.ts'.
File '/Users/aarnawa/personal-projects/PortfolioWebsite/my-portfolio/node_modules/csstype/index.d.ts' exists - use it as a name resolution result.
'package.json' does not have a 'peerDependencies' field.
Resolving real path for '/Users/aarnawa/personal-projects/PortfolioWebsite/my-portfolio/node_modules/csstype/index.d.ts', result '/Users/aarnawa/personal-projects/PortfolioWebsite/my-portfolio/node_modules/csstype/index.d.ts'.
======== Module name 'csstype' was successfully resolved to '/Users/aarnawa/personal-projects/PortfolioWebsite/my-portfolio/node_modules/csstype/index.d.ts' with Package ID 'csstype/index.d.ts@3.2.3'. ========
File '/Users/aarnawa/personal-projects/PortfolioWebsite/my-portfolio/node_modules/csstype/package.json' exists according to earlier cached lookups.
======== Resolving module 'react/jsx-runtime' from '/Users/aarnawa/personal-projects/PortfolioWebsite/my-portfolio/src/components/Header.tsx'. ========
Explicitly specified module resolution kind: 'Bundler'.
Resolving in CJS mode with conditions 'import', 'types'.
File '/Users/aarnawa/personal-projects/PortfolioWebsite/my-portfolio/src/components/package.json' does not exist.
File '/Users/aarnawa/personal-projects/PortfolioWebsite/my-portfolio/src/package.json' does not exist according to earlier cached lookups.
File '/Users/aarnawa/personal-projects/PortfolioWebsite/my-portfolio/package.json' exists according to earlier cached lookups.
Loading module 'react/jsx-runtime' from 'node_modules' folder, target file types: TypeScript, JavaScript, Declaration, JSON.
Searching all ancestor node_modules directories for preferred extensions: TypeScript, Declaration.
Directory '/Users/aarnawa/personal-projects/PortfolioWebsite/my-portfolio/src/components/node_modules' does not exist, skipping all lookups in it.
Resolution for module 'react/jsx-runtime' was found in cache from location '/Users/aarnawa/personal-projects/PortfolioWebsite/my-portfolio/src'.
======== Module name 'react/jsx-runtime' was successfully resolved to '/Users/aarnawa/personal-projects/PortfolioWebsite/my-portfolio/node_modules/@types/react/jsx-runtime.d.ts' with Package ID '@types/react/jsx-runtime.d.ts@19.2.9'. ========
======== Resolving module '../content/resume' from '/Users/aarnawa/personal-projects/PortfolioWebsite/my-portfolio/src/components/Header.tsx'. ========
Explicitly specified module resolution kind: 'Bundler'.
Resolving in CJS mode with conditions 'import', 'types'.
Loading module as file / folder, candidate module location '/Users/aarnawa/personal-projects/PortfolioWebsite/my-portfolio/src/content/resume', target file types: TypeScript, JavaScript, Declaration, JSON.
File '/Users/aarnawa/personal-projects/PortfolioWebsite/my-portfolio/src/content/resume.ts' exists - use it as a name resolution result.
======== Module name '../content/resume' was successfully resolved to '/Users/aarnawa/personal-projects/PortfolioWebsite/my-portfolio/src/content/resume.ts'. ========
======== Resolving module 'react/jsx-runtime' from '/Users/aarnawa/personal-projects/PortfolioWebsite/my-portfolio/src/content/resume.ts'. ========
Explicitly specified module resolution kind: 'Bundler'.
Resolving in CJS mode with conditions 'import', 'types'.
File '/Users/aarnawa/personal-projects/PortfolioWebsite/my-portfolio/src/content/package.json' does not exist.
File '/Users/aarnawa/personal-projects/PortfolioWebsite/my-portfolio/src/package.json' does not exist according to earlier cached lookups.
File '/Users/aarnawa/personal-projects/PortfolioWebsite/my-portfolio/package.json' exists according to earlier cached lookups.
Loading module 'react/jsx-runtime' from 'node_modules' folder, target file types: TypeScript, JavaScript, Declaration, JSON.
Searching all ancestor node_modules directories for preferred extensions: TypeScript, Declaration.
Directory '/Users/aarnawa/personal-projects/PortfolioWebsite/my-portfolio/src/content/node_modules' does not exist, skipping all lookups in it.
Resolution for module 'react/jsx-runtime' was found in cache from location '/Users/aarnawa/personal-projects/PortfolioWebsite/my-portfolio/src'.
======== Module name 'react/jsx-runtime' was successfully resolved to '/Users/aarnawa/personal-projects/PortfolioWebsite/my-portfolio/node_modules/@types/react/jsx-runtime.d.ts' with Package ID '@types/react/jsx-runtime.d.ts@19.2.9'. ========
======== Resolving module 'react/jsx-runtime' from '/Users/aarnawa/personal-projects/PortfolioWebsite/my-portfolio/src/components/Section.tsx'. ========
Resolution for module 'react/jsx-runtime' was found in cache from location '/Users/aarnawa/personal-projects/PortfolioWebsite/my-portfolio/src/components'.
======== Module name 'react/jsx-runtime' was successfully resolved to '/Users/aarnawa/personal-projects/PortfolioWebsite/my-portfolio/node_modules/@types/react/jsx-runtime.d.ts' with Package ID '@types/react/jsx-runtime.d.ts@19.2.9'. ========
======== Resolving module 'react' from '/Users/aarnawa/personal-projects/PortfolioWebsite/my-portfolio/src/components/Section.tsx'. ========
Explicitly specified module resolution kind: 'Bundler'.
Resolving in CJS mode with conditions 'import', 'types'.
File '/Users/aarnawa/personal-projects/PortfolioWebsite/my-portfolio/src/components/package.json' does not exist according to earlier cached lookups.
File '/Users/aarnawa/personal-projects/PortfolioWebsite/my-portfolio/src/package.json' does not exist according to earlier cached lookups.
File '/Users/aarnawa/personal-projects/PortfolioWebsite/my-portfolio/package.json' exists according to earlier cached lookups.
Loading module 'react' from 'node_modules' folder, target file types: TypeScript, JavaScript, Declaration, JSON.
Searching all ancestor node_modules directories for preferred extensions: TypeScript, Declaration.
Directory '/Users/aarnawa/personal-projects/PortfolioWebsite/my-portfolio/src/components/node_modules' does not exist, skipping all lookups in it.
Directory '/Users/aarnawa/personal-projects/PortfolioWebsite/my-portfolio/src/node_modules' does not exist, skipping all lookups in it.
File '/Users/aarnawa/personal-projects/PortfolioWebsite/my-portfolio/node_modules/react/package.json' exists according to earlier cached lookups.
Entering conditional exports.
Saw non-matching condition 'react-server'.
Matched 'exports' condition 'default'.
Using 'exports' subpath '.' with target './index.js'.
File name '/Users/aarnawa/personal-projects/PortfolioWebsite/my-portfolio/node_modules/react/index.js' has a '.js' extension - stripping it.
File '/Users/aarnawa/personal-projects/PortfolioWebsite/my-portfolio/node_modules/react/index.ts' does not exist.
File '/Users/aarnawa/personal-projects/PortfolioWebsite/my-portfolio/node_modules/react/index.tsx' does not exist.
File '/Users/aarnawa/personal-projects/PortfolioWebsite/my-portfolio/node_modules/react/index.d.ts' does not exist.
Failed to resolve under condition 'default'.
Exiting conditional exports.
File '/Users/aarnawa/personal-projects/PortfolioWebsite/my-portfolio/node_modules/@types/react/package.json' exists according to earlier cached lookups.
Entering conditional exports.
Saw non-matching condition 'types@<=5.0'.
Matched 'exports' condition 'types'.
Entering conditional exports.
Matched 'exports' condition 'default'.
Using 'exports' subpath '.' with target './index.d.ts'.
File '/Users/aarnawa/personal-projects/PortfolioWebsite/my-portfolio/node_modules/@types/react/index.d.ts' exists - use it as a name resolution result.
Resolved under condition 'default'.
Exiting conditional exports.
Resolved under condition 'types'.
Exiting conditional exports.
Resolving real path for '/Users/aarnawa/personal-projects/PortfolioWebsite/my-portfolio/node_modules/@types/react/index.d.ts', result '/Users/aarnawa/personal-projects/PortfolioWebsite/my-portfolio/node_modules/@types/react/index.d.ts'.
======== Module name 'react' was successfully resolved to '/Users/aarnawa/personal-projects/PortfolioWebsite/my-portfolio/node_modules/@types/react/index.d.ts' with Package ID '@types/react/index.d.ts@19.2.9'. ========
======== Resolving module 'react/jsx-runtime' from '/Users/aarnawa/personal-projects/PortfolioWebsite/my-portfolio/src/components/Skills.tsx'. ========
Resolution for module 'react/jsx-runtime' was found in cache from location '/Users/aarnawa/personal-projects/PortfolioWebsite/my-portfolio/src/components'.
======== Module name 'react/jsx-runtime' was successfully resolved to '/Users/aarnawa/personal-projects/PortfolioWebsite/my-portfolio/node_modules/@types/react/jsx-runtime.d.ts' with Package ID '@types/react/jsx-runtime.d.ts@19.2.9'. ========
======== Resolving module '../content/resume' from '/Users/aarnawa/personal-projects/PortfolioWebsite/my-portfolio/src/components/Skills.tsx'. ========
Resolution for module '../content/resume' was found in cache from location '/Users/aarnawa/personal-projects/PortfolioWebsite/my-portfolio/src/components'.
======== Module name '../content/resume' was successfully resolved to '/Users/aarnawa/personal-projects/PortfolioWebsite/my-portfolio/src/content/resume.ts'. ========
======== Resolving module 'react/jsx-runtime' from '/Users/aarnawa/personal-projects/PortfolioWebsite/my-portfolio/src/components/Education.tsx'. ========
Resolution for module 'react/jsx-runtime' was found in cache from location '/Users/aarnawa/personal-projects/PortfolioWebsite/my-portfolio/src/components'.
======== Module name 'react/jsx-runtime' was successfully resolved to '/Users/aarnawa/personal-projects/PortfolioWebsite/my-portfolio/node_modules/@types/react/jsx-runtime.d.ts' with Package ID '@types/react/jsx-runtime.d.ts@19.2.9'. ========
======== Resolving module '../content/resume' from '/Users/aarnawa/personal-projects/PortfolioWebsite/my-portfolio/src/components/Education.tsx'. ========
Resolution for module '../content/resume' was found in cache from location '/Users/aarnawa/personal-projects/PortfolioWebsite/my-portfolio/src/components'.
======== Module name '../content/resume' was successfully resolved to '/Users/aarnawa/personal-projects/PortfolioWebsite/my-portfolio/src/content/resume.ts'. ========
======== Resolving module 'react/jsx-runtime' from '/Users/aarnawa/personal-projects/PortfolioWebsite/my-portfolio/src/components/Projects.tsx'. ========
Resolution for module 'react/jsx-runtime' was found in cache from location '/Users/aarnawa/personal-projects/PortfolioWebsite/my-portfolio/src/components'.
======== Module name 'react/jsx-runtime' was successfully resolved to '/Users/aarnawa/personal-projects/PortfolioWebsite/my-portfolio/node_modules/@types/react/jsx-runtime.d.ts' with Package ID '@types/react/jsx-runtime.d.ts@19.2.9'. ========
======== Resolving module '../content/resume' from '/Users/aarnawa/personal-projects/PortfolioWebsite/my-portfolio/src/components/Projects.tsx'. ========
Resolution for module '../content/resume' was found in cache from location '/Users/aarnawa/personal-projects/PortfolioWebsite/my-portfolio/src/components'.
======== Module name '../content/resume' was successfully resolved to '/Users/aarnawa/personal-projects/PortfolioWebsite/my-portfolio/src/content/resume.ts'. ========
======== Resolving module 'react/jsx-runtime' from '/Users/aarnawa/personal-projects/PortfolioWebsite/my-portfolio/src/components/Experience.tsx'. ========
Resolution for module 'react/jsx-runtime' was found in cache from location '/Users/aarnawa/personal-projects/PortfolioWebsite/my-portfolio/src/components'.
======== Module name 'react/jsx-runtime' was successfully resolved to '/Users/aarnawa/personal-projects/PortfolioWebsite/my-portfolio/node_modules/@types/react/jsx-runtime.d.ts' with Package ID '@types/react/jsx-runtime.d.ts@19.2.9'. ========
======== Resolving module '../content/resume' from '/Users/aarnawa/personal-projects/PortfolioWebsite/my-portfolio/src/components/Experience.tsx'. ========
Resolution for module '../content/resume' was found in cache from location '/Users/aarnawa/personal-projects/PortfolioWebsite/my-portfolio/src/components'.
======== Module name '../content/resume' was successfully resolved to '/Users/aarnawa/personal-projects/PortfolioWebsite/my-portfolio/src/content/resume.ts'. ========
======== Resolving module 'react/jsx-runtime' from '/Users/aarnawa/personal-projects/PortfolioWebsite/my-portfolio/src/main.tsx'. ========
Resolution for module 'react/jsx-runtime' was found in cache from location '/Users/aarnawa/personal-projects/PortfolioWebsite/my-portfolio/src'.
======== Module name 'react/jsx-runtime' was successfully resolved to '/Users/aarnawa/personal-projects/PortfolioWebsite/my-portfolio/node_modules/@types/react/jsx-runtime.d.ts' with Package ID '@types/react/jsx-runtime.d.ts@19.2.9'. ========
======== Resolving module 'react' from '/Users/aarnawa/personal-projects/PortfolioWebsite/my-portfolio/src/main.tsx'. ========
Explicitly specified module resolution kind: 'Bundler'.
Resolving in CJS mode with conditions 'import', 'types'.
File '/Users/aarnawa/personal-projects/PortfolioWebsite/my-portfolio/src/package.json' does not exist according to earlier cached lookups.
File '/Users/aarnawa/personal-projects/PortfolioWebsite/my-portfolio/package.json' exists according to earlier cached lookups.
Loading module 'react' from 'node_modules' folder, target file types: TypeScript, JavaScript, Declaration, JSON.
Searching all ancestor node_modules directories for preferred extensions: TypeScript, Declaration.
Resolution for module 'react' was found in cache from location '/Users/aarnawa/personal-projects/PortfolioWebsite/my-portfolio/src'.
======== Module name 'react' was successfully resolved to '/Users/aarnawa/personal-projects/PortfolioWebsite/my-portfolio/node_modules/@types/react/index.d.ts' with Package ID '@types/react/index.d.ts@19.2.9'. ========
======== Resolving module 'react-dom/client' from '/Users/aarnawa/personal-projects/PortfolioWebsite/my-portfolio/src/main.tsx'. ========
Explicitly specified module resolution kind: 'Bundler'.
Resolving in CJS mode with conditions 'import', 'types'.
File '/Users/aarnawa/personal-projects/PortfolioWebsite/my-portfolio/src/package.json' does not exist according to earlier cached lookups.
File '/Users/aarnawa/personal-projects/PortfolioWebsite/my-portfolio/package.json' exists according to earlier cached lookups.
Loading module 'react-dom/client' from 'node_modules' folder, target file types: TypeScript, JavaScript, Declaration, JSON.
Searching all ancestor node_modules directories for preferred extensions: TypeScript, Declaration.
Directory '/Users/aarnawa/personal-projects/PortfolioWebsite/my-portfolio/src/node_modules' does not exist, skipping all lookups in it.
Found 'package.json' at '/Users/aarnawa/personal-projects/PortfolioWebsite/my-portfolio/node_modules/react-dom/package.json'.
Entering conditional exports.
Saw non-matching condition 'react-server'.
Matched 'exports' condition 'default'.
Using 'exports' subpath './client' with target './client.js'.
File name '/Users/aarnawa/personal-projects/PortfolioWebsite/my-portfolio/node_modules/react-dom/client.js' has a '.js' extension - stripping it.
File '/Users/aarnawa/personal-projects/PortfolioWebsite/my-portfolio/node_modules/react-dom/client.ts' does not exist.
File '/Users/aarnawa/personal-projects/PortfolioWebsite/my-portfolio/node_modules/react-dom/client.tsx' does not exist.
File '/Users/aarnawa/personal-projects/PortfolioWebsite/my-portfolio/node_modules/react-dom/client.d.ts' does not exist.
Failed to resolve under condition 'default'.
Exiting conditional exports.
Export specifier './client' does not exist in package.json scope at path '/Users/aarnawa/personal-projects/PortfolioWebsite/my-portfolio/node_modules/react-dom'.
Found 'package.json' at '/Users/aarnawa/personal-projects/PortfolioWebsite/my-portfolio/node_modules/@types/react-dom/package.json'.
Entering conditional exports.
Matched 'exports' condition 'types'.
Entering conditional exports.
Matched 'exports' condition 'default'.
Using 'exports' subpath './client' with target './client.d.ts'.
File '/Users/aarnawa/personal-projects/PortfolioWebsite/my-portfolio/node_modules/@types/react-dom/client.d.ts' exists - use it as a name resolution result.
'package.json' has a 'peerDependencies' field.
Resolving real path for '/Users/aarnawa/personal-projects/PortfolioWebsite/my-portfolio/node_modules/@types/react-dom', result '/Users/aarnawa/personal-projects/PortfolioWebsite/my-portfolio/node_modules/@types/react-dom'.
File '/Users/aarnawa/personal-projects/PortfolioWebsite/my-portfolio/node_modules/@types/react/package.json' exists according to earlier cached lookups.
Found peerDependency '@types/react' with '19.2.9' version.
Resolved under condition 'default'.
Exiting conditional exports.
Resolved under condition 'types'.
Exiting conditional exports.
Resolving real path for '/Users/aarnawa/personal-projects/PortfolioWebsite/my-portfolio/node_modules/@types/react-dom/client.d.ts', result '/Users/aarnawa/personal-projects/PortfolioWebsite/my-portfolio/node_modules/@types/react-dom/client.d.ts'.
======== Module name 'react-dom/client' was successfully resolved to '/Users/aarnawa/personal-projects/PortfolioWebsite/my-portfolio/node_modules/@types/react-dom/client.d.ts' with Package ID '@types/react-dom/client.d.ts@19.2.3+@types/react@19.2.9'. ========
======== Resolving module './index.css' from '/Users/aarnawa/personal-projects/PortfolioWebsite/my-portfolio/src/main.tsx'. ========
Explicitly specified module resolution kind: 'Bundler'.
Resolving in CJS mode with conditions 'import', 'types'.
Loading module as file / folder, candidate module location '/Users/aarnawa/personal-projects/PortfolioWebsite/my-portfolio/src/index.css', target file types: TypeScript, JavaScript, Declaration, JSON.
File name '/Users/aarnawa/personal-projects/PortfolioWebsite/my-portfolio/src/index.css' has a '.css' extension - stripping it.
File '/Users/aarnawa/personal-projects/PortfolioWebsite/my-portfolio/src/index.d.css.ts' does not exist.
File '/Users/aarnawa/personal-projects/PortfolioWebsite/my-portfolio/src/index.css.ts' does not exist.
File '/Users/aarnawa/personal-projects/PortfolioWebsite/my-portfolio/src/index.css.tsx' does not exist.
File '/Users/aarnawa/personal-projects/PortfolioWebsite/my-portfolio/src/index.css.d.ts' does not exist.
File '/Users/aarnawa/personal-projects/PortfolioWebsite/my-portfolio/src/index.css.js' does not exist.
File '/Users/aarnawa/personal-projects/PortfolioWebsite/my-portfolio/src/index.css.jsx' does not exist.
Directory '/Users/aarnawa/personal-projects/PortfolioWebsite/my-portfolio/src/index.css' does not exist, skipping all lookups in it.
======== Module name './index.css' was not resolved. ========
======== Resolving module './App.tsx' from '/Users/aarnawa/personal-projects/PortfolioWebsite/my-portfolio/src/main.tsx'. ========
Explicitly specified module resolution kind: 'Bundler'.
Resolving in CJS mode with conditions 'import', 'types'.
Loading module as file / folder, candidate module location '/Users/aarnawa/personal-projects/PortfolioWebsite/my-portfolio/src/App.tsx', target file types: TypeScript, JavaScript, Declaration, JSON.
File name '/Users/aarnawa/personal-projects/PortfolioWebsite/my-portfolio/src/App.tsx' has a '.tsx' extension - stripping it.
File '/Users/aarnawa/personal-projects/PortfolioWebsite/my-portfolio/src/App.tsx' exists - use it as a name resolution result.
======== Module name './App.tsx' was successfully resolved to '/Users/aarnawa/personal-projects/PortfolioWebsite/my-portfolio/src/App.tsx'. ========
File '/Users/aarnawa/personal-projects/PortfolioWebsite/my-portfolio/node_modules/@types/react-dom/package.json' exists according to earlier cached lookups.
======== Resolving module 'react' from '/Users/aarnawa/personal-projects/PortfolioWebsite/my-portfolio/node_modules/@types/react-dom/client.d.ts'. ========
Explicitly specified module resolution kind: 'Bundler'.
Resolving in CJS mode with conditions 'require', 'types'.
File '/Users/aarnawa/personal-projects/PortfolioWebsite/my-portfolio/node_modules/@types/react-dom/package.json' exists according to earlier cached lookups.
Loading module 'react' from 'node_modules' folder, target file types: TypeScript, JavaScript, Declaration, JSON.
Searching all ancestor node_modules directories for preferred extensions: TypeScript, Declaration.
Directory '/Users/aarnawa/personal-projects/PortfolioWebsite/my-portfolio/node_modules/@types/react-dom/node_modules' does not exist, skipping all lookups in it.
Directory '/Users/aarnawa/personal-projects/PortfolioWebsite/my-portfolio/node_modules/@types/node_modules' does not exist, skipping all lookups in it.
File '/Users/aarnawa/personal-projects/PortfolioWebsite/my-portfolio/node_modules/react/package.json' exists according to earlier cached lookups.
Entering conditional exports.
Saw non-matching condition 'react-server'.
Matched 'exports' condition 'default'.
Using 'exports' subpath '.' with target './index.js'.
File name '/Users/aarnawa/personal-projects/PortfolioWebsite/my-portfolio/node_modules/react/index.js' has a '.js' extension - stripping it.
File '/Users/aarnawa/personal-projects/PortfolioWebsite/my-portfolio/node_modules/react/index.ts' does not exist.
File '/Users/aarnawa/personal-projects/PortfolioWebsite/my-portfolio/node_modules/react/index.tsx' does not exist.
File '/Users/aarnawa/personal-projects/PortfolioWebsite/my-portfolio/node_modules/react/index.d.ts' does not exist.
Failed to resolve under condition 'default'.
Exiting conditional exports.
File '/Users/aarnawa/personal-projects/PortfolioWebsite/my-portfolio/node_modules/@types/react/package.json' exists according to earlier cached lookups.
Entering conditional exports.
Saw non-matching condition 'types@<=5.0'.
Matched 'exports' condition 'types'.
Entering conditional exports.
Matched 'exports' condition 'default'.
Using 'exports' subpath '.' with target './index.d.ts'.
File '/Users/aarnawa/personal-projects/PortfolioWebsite/my-portfolio/node_modules/@types/react/index.d.ts' exists - use it as a name resolution result.
Resolved under condition 'default'.
Exiting conditional exports.
Resolved under condition 'types'.
Exiting conditional exports.
Resolving real path for '/Users/aarnawa/personal-projects/PortfolioWebsite/my-portfolio/node_modules/@types/react/index.d.ts', result '/Users/aarnawa/personal-projects/PortfolioWebsite/my-portfolio/node_modules/@types/react/index.d.ts'.
======== Module name 'react' was successfully resolved to '/Users/aarnawa/personal-projects/PortfolioWebsite/my-portfolio/node_modules/@types/react/index.d.ts' with Package ID '@types/react/index.d.ts@19.2.9'. ========
======== Resolving type reference directive 'vite/client', containing file '/Users/aarnawa/personal-projects/PortfolioWebsite/my-portfolio/__inferred type names__.ts', root directory '/Users/aarnawa/personal-projects/PortfolioWebsite/my-portfolio/node_modules/@types,/Users/aarnawa/personal-projects/PortfolioWebsite/node_modules/@types,/Users/aarnawa/personal-projects/node_modules/@types,/Users/aarnawa/node_modules/@types,/Users/node_modules/@types,/node_modules/@types'. ========
Resolving with primary search path '/Users/aarnawa/personal-projects/PortfolioWebsite/my-portfolio/node_modules/@types, /Users/aarnawa/personal-projects/PortfolioWebsite/node_modules/@types, /Users/aarnawa/personal-projects/node_modules/@types, /Users/aarnawa/node_modules/@types, /Users/node_modules/@types, /node_modules/@types'.
Directory '/Users/aarnawa/personal-projects/PortfolioWebsite/node_modules/@types' does not exist, skipping all lookups in it.
Directory '/Users/aarnawa/personal-projects/node_modules/@types' does not exist, skipping all lookups in it.
Directory '/Users/aarnawa/node_modules/@types' does not exist, skipping all lookups in it.
Directory '/Users/node_modules/@types' does not exist, skipping all lookups in it.
Directory '/node_modules/@types' does not exist, skipping all lookups in it.
Looking up in 'node_modules' folder, initial location '/Users/aarnawa/personal-projects/PortfolioWebsite/my-portfolio'.
Searching all ancestor node_modules directories for preferred extensions: Declaration.
Found 'package.json' at '/Users/aarnawa/personal-projects/PortfolioWebsite/my-portfolio/node_modules/vite/package.json'.
Entering conditional exports.
Matched 'exports' condition 'types'.
Using 'exports' subpath './client' with target './client.d.ts'.
File '/Users/aarnawa/personal-projects/PortfolioWebsite/my-portfolio/node_modules/vite/client.d.ts' exists - use it as a name resolution result.
'package.json' has a 'peerDependencies' field.
Resolving real path for '/Users/aarnawa/personal-projects/PortfolioWebsite/my-portfolio/node_modules/vite', result '/Users/aarnawa/personal-projects/PortfolioWebsite/my-portfolio/node_modules/vite'.
Found 'package.json' at '/Users/aarnawa/personal-projects/PortfolioWebsite/my-portfolio/node_modules/@types/node/package.json'.
Found peerDependency '@types/node' with '24.10.9' version.
Failed to find peerDependency 'jiti'.
Failed to find peerDependency 'less'.
Failed to find peerDependency 'lightningcss'.
Failed to find peerDependency 'sass'.
Failed to find peerDependency 'sass-embedded'.
Failed to find peerDependency 'stylus'.
Failed to find peerDependency 'sugarss'.
Failed to find peerDependency 'terser'.
Failed to find peerDependency 'tsx'.
Failed to find peerDependency 'yaml'.
Resolved under condition 'types'.
Exiting conditional exports.
Resolving real path for '/Users/aarnawa/personal-projects/PortfolioWebsite/my-portfolio/node_modules/vite/client.d.ts', result '/Users/aarnawa/personal-projects/PortfolioWebsite/my-portfolio/node_modules/vite/client.d.ts'.
======== Type reference directive 'vite/client' was successfully resolved to '/Users/aarnawa/personal-projects/PortfolioWebsite/my-portfolio/node_modules/vite/client.d.ts' with Package ID 'vite/client.d.ts@7.3.1+@types/node@24.10.9', primary: false. ========
File '/Users/aarnawa/personal-projects/PortfolioWebsite/my-portfolio/node_modules/vite/package.json' exists according to earlier cached lookups.
Found 'package.json' at '/Users/aarnawa/personal-projects/PortfolioWebsite/my-portfolio/node_modules/vite/types/package.json'.
======== Resolving module 'vite/types/hot.js' from '/Users/aarnawa/personal-projects/PortfolioWebsite/my-portfolio/node_modules/vite/types/importMeta.d.ts'. ========
Explicitly specified module resolution kind: 'Bundler'.
Resolving in CJS mode with conditions 'import', 'types'.
File '/Users/aarnawa/personal-projects/PortfolioWebsite/my-portfolio/node_modules/vite/types/package.json' exists according to earlier cached lookups.
Loading module 'vite/types/hot.js' from 'node_modules' folder, target file types: TypeScript, JavaScript, Declaration, JSON.
Searching all ancestor node_modules directories for preferred extensions: TypeScript, Declaration.
Directory '/Users/aarnawa/personal-projects/PortfolioWebsite/my-portfolio/node_modules/vite/types/node_modules' does not exist, skipping all lookups in it.
File name '/Users/aarnawa/personal-projects/PortfolioWebsite/my-portfolio/node_modules/vite/types/node_modules/vite/types/hot.js' has a '.js' extension - stripping it.
File name '/Users/aarnawa/personal-projects/PortfolioWebsite/my-portfolio/node_modules/vite/types/node_modules/@types/vite/types/hot.js' has a '.js' extension - stripping it.
Directory '/Users/aarnawa/personal-projects/PortfolioWebsite/my-portfolio/node_modules/vite/node_modules' does not exist, skipping all lookups in it.
File name '/Users/aarnawa/personal-projects/PortfolioWebsite/my-portfolio/node_modules/vite/node_modules/vite/types/hot.js' has a '.js' extension - stripping it.
File name '/Users/aarnawa/personal-projects/PortfolioWebsite/my-portfolio/node_modules/vite/node_modules/@types/vite/types/hot.js' has a '.js' extension - stripping it.
File '/Users/aarnawa/personal-projects/PortfolioWebsite/my-portfolio/node_modules/vite/package.json' exists according to earlier cached lookups.
Entering conditional exports.
Matched 'exports' condition 'types'.
Using 'exports' subpath './types/*' with target './types/hot.js'.
File name '/Users/aarnawa/personal-projects/PortfolioWebsite/my-portfolio/node_modules/vite/types/hot.js' has a '.js' extension - stripping it.
File '/Users/aarnawa/personal-projects/PortfolioWebsite/my-portfolio/node_modules/vite/types/hot.ts' does not exist.
File '/Users/aarnawa/personal-projects/PortfolioWebsite/my-portfolio/node_modules/vite/types/hot.tsx' does not exist.
File '/Users/aarnawa/personal-projects/PortfolioWebsite/my-portfolio/node_modules/vite/types/hot.d.ts' exists - use it as a name resolution result.
Resolved under condition 'types'.
Exiting conditional exports.
Resolving real path for '/Users/aarnawa/personal-projects/PortfolioWebsite/my-portfolio/node_modules/vite/types/hot.d.ts', result '/Users/aarnawa/personal-projects/PortfolioWebsite/my-portfolio/node_modules/vite/types/hot.d.ts'.
======== Module name 'vite/types/hot.js' was successfully resolved to '/Users/aarnawa/personal-projects/PortfolioWebsite/my-portfolio/node_modules/vite/types/hot.d.ts' with Package ID 'vite/types/hot.d.ts@7.3.1+@types/node@24.10.9'. ========
======== Resolving module 'vite/types/importGlob.js' from '/Users/aarnawa/personal-projects/PortfolioWebsite/my-portfolio/node_modules/vite/types/importMeta.d.ts'. ========
Explicitly specified module resolution kind: 'Bundler'.
Resolving in CJS mode with conditions 'import', 'types'.
File '/Users/aarnawa/personal-projects/PortfolioWebsite/my-portfolio/node_modules/vite/types/package.json' exists according to earlier cached lookups.
Loading module 'vite/types/importGlob.js' from 'node_modules' folder, target file types: TypeScript, JavaScript, Declaration, JSON.
Searching all ancestor node_modules directories for preferred extensions: TypeScript, Declaration.
Directory '/Users/aarnawa/personal-projects/PortfolioWebsite/my-portfolio/node_modules/vite/types/node_modules' does not exist, skipping all lookups in it.
File name '/Users/aarnawa/personal-projects/PortfolioWebsite/my-portfolio/node_modules/vite/types/node_modules/vite/types/importGlob.js' has a '.js' extension - stripping it.
File name '/Users/aarnawa/personal-projects/PortfolioWebsite/my-portfolio/node_modules/vite/types/node_modules/@types/vite/types/importGlob.js' has a '.js' extension - stripping it.
Directory '/Users/aarnawa/personal-projects/PortfolioWebsite/my-portfolio/node_modules/vite/node_modules' does not exist, skipping all lookups in it.
File name '/Users/aarnawa/personal-projects/PortfolioWebsite/my-portfolio/node_modules/vite/node_modules/vite/types/importGlob.js' has a '.js' extension - stripping it.
File name '/Users/aarnawa/personal-projects/PortfolioWebsite/my-portfolio/node_modules/vite/node_modules/@types/vite/types/importGlob.js' has a '.js' extension - stripping it.
File '/Users/aarnawa/personal-projects/PortfolioWebsite/my-portfolio/node_modules/vite/package.json' exists according to earlier cached lookups.
Entering conditional exports.
Matched 'exports' condition 'types'.
Using 'exports' subpath './types/*' with target './types/importGlob.js'.
File name '/Users/aarnawa/personal-projects/PortfolioWebsite/my-portfolio/node_modules/vite/types/importGlob.js' has a '.js' extension - stripping it.
File '/Users/aarnawa/personal-projects/PortfolioWebsite/my-portfolio/node_modules/vite/types/importGlob.ts' does not exist.
File '/Users/aarnawa/personal-projects/PortfolioWebsite/my-portfolio/node_modules/vite/types/importGlob.tsx' does not exist.
File '/Users/aarnawa/personal-projects/PortfolioWebsite/my-portfolio/node_modules/vite/types/importGlob.d.ts' exists - use it as a name resolution result.
Resolved under condition 'types'.
Exiting conditional exports.
Resolving real path for '/Users/aarnawa/personal-projects/PortfolioWebsite/my-portfolio/node_modules/vite/types/importGlob.d.ts', result '/Users/aarnawa/personal-projects/PortfolioWebsite/my-portfolio/node_modules/vite/types/importGlob.d.ts'.
======== Module name 'vite/types/importGlob.js' was successfully resolved to '/Users/aarnawa/personal-projects/PortfolioWebsite/my-portfolio/node_modules/vite/types/importGlob.d.ts' with Package ID 'vite/types/importGlob.d.ts@7.3.1+@types/node@24.10.9'. ========
File '/Users/aarnawa/personal-projects/PortfolioWebsite/my-portfolio/node_modules/vite/types/package.json' exists according to earlier cached lookups.
======== Resolving module 'vite/types/customEvent.js' from '/Users/aarnawa/personal-projects/PortfolioWebsite/my-portfolio/node_modules/vite/types/hot.d.ts'. ========
Explicitly specified module resolution kind: 'Bundler'.
Resolving in CJS mode with conditions 'import', 'types'.
File '/Users/aarnawa/personal-projects/PortfolioWebsite/my-portfolio/node_modules/vite/types/package.json' exists according to earlier cached lookups.
Loading module 'vite/types/customEvent.js' from 'node_modules' folder, target file types: TypeScript, JavaScript, Declaration, JSON.
Searching all ancestor node_modules directories for preferred extensions: TypeScript, Declaration.
Directory '/Users/aarnawa/personal-projects/PortfolioWebsite/my-portfolio/node_modules/vite/types/node_modules' does not exist, skipping all lookups in it.
File name '/Users/aarnawa/personal-projects/PortfolioWebsite/my-portfolio/node_modules/vite/types/node_modules/vite/types/customEvent.js' has a '.js' extension - stripping it.
File name '/Users/aarnawa/personal-projects/PortfolioWebsite/my-portfolio/node_modules/vite/types/node_modules/@types/vite/types/customEvent.js' has a '.js' extension - stripping it.
Directory '/Users/aarnawa/personal-projects/PortfolioWebsite/my-portfolio/node_modules/vite/node_modules' does not exist, skipping all lookups in it.
File name '/Users/aarnawa/personal-projects/PortfolioWebsite/my-portfolio/node_modules/vite/node_modules/vite/types/customEvent.js' has a '.js' extension - stripping it.
File name '/Users/aarnawa/personal-projects/PortfolioWebsite/my-portfolio/node_modules/vite/node_modules/@types/vite/types/customEvent.js' has a '.js' extension - stripping it.
File '/Users/aarnawa/personal-projects/PortfolioWebsite/my-portfolio/node_modules/vite/package.json' exists according to earlier cached lookups.
Entering conditional exports.
Matched 'exports' condition 'types'.
Using 'exports' subpath './types/*' with target './types/customEvent.js'.
File name '/Users/aarnawa/personal-projects/PortfolioWebsite/my-portfolio/node_modules/vite/types/customEvent.js' has a '.js' extension - stripping it.
File '/Users/aarnawa/personal-projects/PortfolioWebsite/my-portfolio/node_modules/vite/types/customEvent.ts' does not exist.
File '/Users/aarnawa/personal-projects/PortfolioWebsite/my-portfolio/node_modules/vite/types/customEvent.tsx' does not exist.
File '/Users/aarnawa/personal-projects/PortfolioWebsite/my-portfolio/node_modules/vite/types/customEvent.d.ts' exists - use it as a name resolution result.
Resolved under condition 'types'.
Exiting conditional exports.
Resolving real path for '/Users/aarnawa/personal-projects/PortfolioWebsite/my-portfolio/node_modules/vite/types/customEvent.d.ts', result '/Users/aarnawa/personal-projects/PortfolioWebsite/my-portfolio/node_modules/vite/types/customEvent.d.ts'.
======== Module name 'vite/types/customEvent.js' was successfully resolved to '/Users/aarnawa/personal-projects/PortfolioWebsite/my-portfolio/node_modules/vite/types/customEvent.d.ts' with Package ID 'vite/types/customEvent.d.ts@7.3.1+@types/node@24.10.9'. ========
File '/Users/aarnawa/personal-projects/PortfolioWebsite/my-portfolio/node_modules/vite/types/package.json' exists according to earlier cached lookups.
======== Resolving module 'vite/types/hmrPayload.js' from '/Users/aarnawa/personal-projects/PortfolioWebsite/my-portfolio/node_modules/vite/types/customEvent.d.ts'. ========
Explicitly specified module resolution kind: 'Bundler'.
Resolving in CJS mode with conditions 'import', 'types'.
File '/Users/aarnawa/personal-projects/PortfolioWebsite/my-portfolio/node_modules/vite/types/package.json' exists according to earlier cached lookups.
Loading module 'vite/types/hmrPayload.js' from 'node_modules' folder, target file types: TypeScript, JavaScript, Declaration, JSON.
Searching all ancestor node_modules directories for preferred extensions: TypeScript, Declaration.
Directory '/Users/aarnawa/personal-projects/PortfolioWebsite/my-portfolio/node_modules/vite/types/node_modules' does not exist, skipping all lookups in it.
File name '/Users/aarnawa/personal-projects/PortfolioWebsite/my-portfolio/node_modules/vite/types/node_modules/vite/types/hmrPayload.js' has a '.js' extension - stripping it.
File name '/Users/aarnawa/personal-projects/PortfolioWebsite/my-portfolio/node_modules/vite/types/node_modules/@types/vite/types/hmrPayload.js' has a '.js' extension - stripping it.
Directory '/Users/aarnawa/personal-projects/PortfolioWebsite/my-portfolio/node_modules/vite/node_modules' does not exist, skipping all lookups in it.
File name '/Users/aarnawa/personal-projects/PortfolioWebsite/my-portfolio/node_modules/vite/node_modules/vite/types/hmrPayload.js' has a '.js' extension - stripping it.
File name '/Users/aarnawa/personal-projects/PortfolioWebsite/my-portfolio/node_modules/vite/node_modules/@types/vite/types/hmrPayload.js' has a '.js' extension - stripping it.
File '/Users/aarnawa/personal-projects/PortfolioWebsite/my-portfolio/node_modules/vite/package.json' exists according to earlier cached lookups.
Entering conditional exports.
Matched 'exports' condition 'types'.
Using 'exports' subpath './types/*' with target './types/hmrPayload.js'.
File name '/Users/aarnawa/personal-projects/PortfolioWebsite/my-portfolio/node_modules/vite/types/hmrPayload.js' has a '.js' extension - stripping it.
File '/Users/aarnawa/personal-projects/PortfolioWebsite/my-portfolio/node_modules/vite/types/hmrPayload.ts' does not exist.
File '/Users/aarnawa/personal-projects/PortfolioWebsite/my-portfolio/node_modules/vite/types/hmrPayload.tsx' does not exist.
File '/Users/aarnawa/personal-projects/PortfolioWebsite/my-portfolio/node_modules/vite/types/hmrPayload.d.ts' exists - use it as a name resolution result.
Resolved under condition 'types'.
Exiting conditional exports.
Resolving real path for '/Users/aarnawa/personal-projects/PortfolioWebsite/my-portfolio/node_modules/vite/types/hmrPayload.d.ts', result '/Users/aarnawa/personal-projects/PortfolioWebsite/my-portfolio/node_modules/vite/types/hmrPayload.d.ts'.
======== Module name 'vite/types/hmrPayload.js' was successfully resolved to '/Users/aarnawa/personal-projects/PortfolioWebsite/my-portfolio/node_modules/vite/types/hmrPayload.d.ts' with Package ID 'vite/types/hmrPayload.d.ts@7.3.1+@types/node@24.10.9'. ========
File '/Users/aarnawa/personal-projects/PortfolioWebsite/my-portfolio/node_modules/vite/types/package.json' exists according to earlier cached lookups.
File '/Users/aarnawa/personal-projects/PortfolioWebsite/my-portfolio/node_modules/vite/types/package.json' exists according to earlier cached lookups.
======== Resolving module '@typescript/lib-es2022' from '/Users/aarnawa/personal-projects/PortfolioWebsite/my-portfolio/__lib_node_modules_lookup_lib.es2022.d.ts__.ts'. ========
Explicitly specified module resolution kind: 'Node10'.
Loading module '@typescript/lib-es2022' from 'node_modules' folder, target file types: TypeScript, Declaration.
Searching all ancestor node_modules directories for preferred extensions: TypeScript, Declaration.
Scoped package detected, looking in 'typescript__lib-es2022'
File '/Users/aarnawa/personal-projects/PortfolioWebsite/my-portfolio/node_modules/@types/typescript__lib-es2022.d.ts' does not exist.
Directory '/Users/aarnawa/personal-projects/PortfolioWebsite/node_modules' does not exist, skipping all lookups in it.
Scoped package detected, looking in 'typescript__lib-es2022'
Directory '/Users/aarnawa/personal-projects/node_modules' does not exist, skipping all lookups in it.
Scoped package detected, looking in 'typescript__lib-es2022'
Directory '/Users/aarnawa/node_modules' does not exist, skipping all lookups in it.
Scoped package detected, looking in 'typescript__lib-es2022'
Directory '/Users/node_modules' does not exist, skipping all lookups in it.
Scoped package detected, looking in 'typescript__lib-es2022'
Directory '/node_modules' does not exist, skipping all lookups in it.
Scoped package detected, looking in 'typescript__lib-es2022'
Loading module '@typescript/lib-es2022' from 'node_modules' folder, target file types: JavaScript.
Searching all ancestor node_modules directories for fallback extensions: JavaScript.
Directory '/Users/aarnawa/personal-projects/PortfolioWebsite/node_modules' does not exist, skipping all lookups in it.
Directory '/Users/aarnawa/personal-projects/node_modules' does not exist, skipping all lookups in it.
Directory '/Users/aarnawa/node_modules' does not exist, skipping all lookups in it.
Directory '/Users/node_modules' does not exist, skipping all lookups in it.
Directory '/node_modules' does not exist, skipping all lookups in it.
======== Module name '@typescript/lib-es2022' was not resolved. ========
File '/Users/aarnawa/personal-projects/PortfolioWebsite/my-portfolio/node_modules/typescript/lib/package.json' does not exist.
Found 'package.json' at '/Users/aarnawa/personal-projects/PortfolioWebsite/my-portfolio/node_modules/typescript/package.json'.
======== Resolving module '@typescript/lib-es2021' from '/Users/aarnawa/personal-projects/PortfolioWebsite/my-portfolio/__lib_node_modules_lookup_lib.es2021.d.ts__.ts'. ========
Explicitly specified module resolution kind: 'Node10'.
Loading module '@typescript/lib-es2021' from 'node_modules' folder, target file types: TypeScript, Declaration.
Searching all ancestor node_modules directories for preferred extensions: TypeScript, Declaration.
Scoped package detected, looking in 'typescript__lib-es2021'
File '/Users/aarnawa/personal-projects/PortfolioWebsite/my-portfolio/node_modules/@types/typescript__lib-es2021.d.ts' does not exist.
Directory '/Users/aarnawa/personal-projects/PortfolioWebsite/node_modules' does not exist, skipping all lookups in it.
Scoped package detected, looking in 'typescript__lib-es2021'
Directory '/Users/aarnawa/personal-projects/node_modules' does not exist, skipping all lookups in it.
Scoped package detected, looking in 'typescript__lib-es2021'
Directory '/Users/aarnawa/node_modules' does not exist, skipping all lookups in it.
Scoped package detected, looking in 'typescript__lib-es2021'
Directory '/Users/node_modules' does not exist, skipping all lookups in it.
Scoped package detected, looking in 'typescript__lib-es2021'
Directory '/node_modules' does not exist, skipping all lookups in it.
Scoped package detected, looking in 'typescript__lib-es2021'
Loading module '@typescript/lib-es2021' from 'node_modules' folder, target file types: JavaScript.
Searching all ancestor node_modules directories for fallback extensions: JavaScript.
Directory '/Users/aarnawa/personal-projects/PortfolioWebsite/node_modules' does not exist, skipping all lookups in it.
Directory '/Users/aarnawa/personal-projects/node_modules' does not exist, skipping all lookups in it.
Directory '/Users/aarnawa/node_modules' does not exist, skipping all lookups in it.
Directory '/Users/node_modules' does not exist, skipping all lookups in it.
Directory '/node_modules' does not exist, skipping all lookups in it.
======== Module name '@typescript/lib-es2021' was not resolved. ========
File '/Users/aarnawa/personal-projects/PortfolioWebsite/my-portfolio/node_modules/typescript/lib/package.json' does not exist according to earlier cached lookups.
File '/Users/aarnawa/personal-projects/PortfolioWebsite/my-portfolio/node_modules/typescript/package.json' exists according to earlier cached lookups.
======== Resolving module '@typescript/lib-es2020' from '/Users/aarnawa/personal-projects/PortfolioWebsite/my-portfolio/__lib_node_modules_lookup_lib.es2020.d.ts__.ts'. ========
Explicitly specified module resolution kind: 'Node10'.
Loading module '@typescript/lib-es2020' from 'node_modules' folder, target file types: TypeScript, Declaration.
Searching all ancestor node_modules directories for preferred extensions: TypeScript, Declaration.
Scoped package detected, looking in 'typescript__lib-es2020'
File '/Users/aarnawa/personal-projects/PortfolioWebsite/my-portfolio/node_modules/@types/typescript__lib-es2020.d.ts' does not exist.
Directory '/Users/aarnawa/personal-projects/PortfolioWebsite/node_modules' does not exist, skipping all lookups in it.
Scoped package detected, looking in 'typescript__lib-es2020'
Directory '/Users/aarnawa/personal-projects/node_modules' does not exist, skipping all lookups in it.
Scoped package detected, looking in 'typescript__lib-es2020'
Directory '/Users/aarnawa/node_modules' does not exist, skipping all lookups in it.
Scoped package detected, looking in 'typescript__lib-es2020'
Directory '/Users/node_modules' does not exist, skipping all lookups in it.
Scoped package detected, looking in 'typescript__lib-es2020'
Directory '/node_modules' does not exist, skipping all lookups in it.
Scoped package detected, looking in 'typescript__lib-es2020'
Loading module '@typescript/lib-es2020' from 'node_modules' folder, target file types: JavaScript.
Searching all ancestor node_modules directories for fallback extensions: JavaScript.
Directory '/Users/aarnawa/personal-projects/PortfolioWebsite/node_modules' does not exist, skipping all lookups in it.
Directory '/Users/aarnawa/personal-projects/node_modules' does not exist, skipping all lookups in it.
Directory '/Users/aarnawa/node_modules' does not exist, skipping all lookups in it.
Directory '/Users/node_modules' does not exist, skipping all lookups in it.
Directory '/node_modules' does not exist, skipping all lookups in it.
======== Module name '@typescript/lib-es2020' was not resolved. ========
File '/Users/aarnawa/personal-projects/PortfolioWebsite/my-portfolio/node_modules/typescript/lib/package.json' does not exist according to earlier cached lookups.
File '/Users/aarnawa/personal-projects/PortfolioWebsite/my-portfolio/node_modules/typescript/package.json' exists according to earlier cached lookups.
======== Resolving module '@typescript/lib-es2019' from '/Users/aarnawa/personal-projects/PortfolioWebsite/my-portfolio/__lib_node_modules_lookup_lib.es2019.d.ts__.ts'. ========
Explicitly specified module resolution kind: 'Node10'.
Loading module '@typescript/lib-es2019' from 'node_modules' folder, target file types: TypeScript, Declaration.
Searching all ancestor node_modules directories for preferred extensions: TypeScript, Declaration.
Scoped package detected, looking in 'typescript__lib-es2019'
File '/Users/aarnawa/personal-projects/PortfolioWebsite/my-portfolio/node_modules/@types/typescript__lib-es2019.d.ts' does not exist.
Directory '/Users/aarnawa/personal-projects/PortfolioWebsite/node_modules' does not exist, skipping all lookups in it.
Scoped package detected, looking in 'typescript__lib-es2019'
Directory '/Users/aarnawa/personal-projects/node_modules' does not exist, skipping all lookups in it.
Scoped package detected, looking in 'typescript__lib-es2019'
Directory '/Users/aarnawa/node_modules' does not exist, skipping all lookups in it.
Scoped package detected, looking in 'typescript__lib-es2019'
Directory '/Users/node_modules' does not exist, skipping all lookups in it.
Scoped package detected, looking in 'typescript__lib-es2019'
Directory '/node_modules' does not exist, skipping all lookups in it.
Scoped package detected, looking in 'typescript__lib-es2019'
Loading module '@typescript/lib-es2019' from 'node_modules' folder, target file types: JavaScript.
Searching all ancestor node_modules directories for fallback extensions: JavaScript.
Directory '/Users/aarnawa/personal-projects/PortfolioWebsite/node_modules' does not exist, skipping all lookups in it.
Directory '/Users/aarnawa/personal-projects/node_modules' does not exist, skipping all lookups in it.
Directory '/Users/aarnawa/node_modules' does not exist, skipping all lookups in it.
Directory '/Users/node_modules' does not exist, skipping all lookups in it.
Directory '/node_modules' does not exist, skipping all lookups in it.
======== Module name '@typescript/lib-es2019' was not resolved. ========
File '/Users/aarnawa/personal-projects/PortfolioWebsite/my-portfolio/node_modules/typescript/lib/package.json' does not exist according to earlier cached lookups.
File '/Users/aarnawa/personal-projects/PortfolioWebsite/my-portfolio/node_modules/typescript/package.json' exists according to earlier cached lookups.
======== Resolving module '@typescript/lib-es2018' from '/Users/aarnawa/personal-projects/PortfolioWebsite/my-portfolio/__lib_node_modules_lookup_lib.es2018.d.ts__.ts'. ========
Explicitly specified module resolution kind: 'Node10'.
Loading module '@typescript/lib-es2018' from 'node_modules' folder, target file types: TypeScript, Declaration.
Searching all ancestor node_modules directories for preferred extensions: TypeScript, Declaration.
Scoped package detected, looking in 'typescript__lib-es2018'
File '/Users/aarnawa/personal-projects/PortfolioWebsite/my-portfolio/node_modules/@types/typescript__lib-es2018.d.ts' does not exist.
Directory '/Users/aarnawa/personal-projects/PortfolioWebsite/node_modules' does not exist, skipping all lookups in it.
Scoped package detected, looking in 'typescript__lib-es2018'
Directory '/Users/aarnawa/personal-projects/node_modules' does not exist, skipping all lookups in it.
Scoped package detected, looking in 'typescript__lib-es2018'
Directory '/Users/aarnawa/node_modules' does not exist, skipping all lookups in it.
Scoped package detected, looking in 'typescript__lib-es2018'
Directory '/Users/node_modules' does not exist, skipping all lookups in it.
Scoped package detected, looking in 'typescript__lib-es2018'
Directory '/node_modules' does not exist, skipping all lookups in it.
Scoped package detected, looking in 'typescript__lib-es2018'
Loading module '@typescript/lib-es2018' from 'node_modules' folder, target file types: JavaScript.
Searching all ancestor node_modules directories for fallback extensions: JavaScript.
Directory '/Users/aarnawa/personal-projects/PortfolioWebsite/node_modules' does not exist, skipping all lookups in it.
Directory '/Users/aarnawa/personal-projects/node_modules' does not exist, skipping all lookups in it.
Directory '/Users/aarnawa/node_modules' does not exist, skipping all lookups in it.
Directory '/Users/node_modules' does not exist, skipping all lookups in it.
Directory '/node_modules' does not exist, skipping all lookups in it.
======== Module name '@typescript/lib-es2018' was not resolved. ========
File '/Users/aarnawa/personal-projects/PortfolioWebsite/my-portfolio/node_modules/typescript/lib/package.json' does not exist according to earlier cached lookups.
File '/Users/aarnawa/personal-projects/PortfolioWebsite/my-portfolio/node_modules/typescript/package.json' exists according to earlier cached lookups.
======== Resolving module '@typescript/lib-es2017' from '/Users/aarnawa/personal-projects/PortfolioWebsite/my-portfolio/__lib_node_modules_lookup_lib.es2017.d.ts__.ts'. ========
Explicitly specified module resolution kind: 'Node10'.
Loading module '@typescript/lib-es2017' from 'node_modules' folder, target file types: TypeScript, Declaration.
Searching all ancestor node_modules directories for preferred extensions: TypeScript, Declaration.
Scoped package detected, looking in 'typescript__lib-es2017'
File '/Users/aarnawa/personal-projects/PortfolioWebsite/my-portfolio/node_modules/@types/typescript__lib-es2017.d.ts' does not exist.
Directory '/Users/aarnawa/personal-projects/PortfolioWebsite/node_modules' does not exist, skipping all lookups in it.
Scoped package detected, looking in 'typescript__lib-es2017'
Directory '/Users/aarnawa/personal-projects/node_modules' does not exist, skipping all lookups in it.
Scoped package detected, looking in 'typescript__lib-es2017'
Directory '/Users/aarnawa/node_modules' does not exist, skipping all lookups in it.
Scoped package detected, looking in 'typescript__lib-es2017'
Directory '/Users/node_modules' does not exist, skipping all lookups in it.
Scoped package detected, looking in 'typescript__lib-es2017'
Directory '/node_modules' does not exist, skipping all lookups in it.
Scoped package detected, looking in 'typescript__lib-es2017'
Loading module '@typescript/lib-es2017' from 'node_modules' folder, target file types: JavaScript.
Searching all ancestor node_modules directories for fallback extensions: JavaScript.
Directory '/Users/aarnawa/personal-projects/PortfolioWebsite/node_modules' does not exist, skipping all lookups in it.
Directory '/Users/aarnawa/personal-projects/node_modules' does not exist, skipping all lookups in it.
Directory '/Users/aarnawa/node_modules' does not exist, skipping all lookups in it.
Directory '/Users/node_modules' does not exist, skipping all lookups in it.
Directory '/node_modules' does not exist, skipping all lookups in it.
======== Module name '@typescript/lib-es2017' was not resolved. ========
File '/Users/aarnawa/personal-projects/PortfolioWebsite/my-portfolio/node_modules/typescript/lib/package.json' does not exist according to earlier cached lookups.
File '/Users/aarnawa/personal-projects/PortfolioWebsite/my-portfolio/node_modules/typescript/package.json' exists according to earlier cached lookups.
======== Resolving module '@typescript/lib-es2016' from '/Users/aarnawa/personal-projects/PortfolioWebsite/my-portfolio/__lib_node_modules_lookup_lib.es2016.d.ts__.ts'. ========
Explicitly specified module resolution kind: 'Node10'.
Loading module '@typescript/lib-es2016' from 'node_modules' folder, target file types: TypeScript, Declaration.
Searching all ancestor node_modules directories for preferred extensions: TypeScript, Declaration.
Scoped package detected, looking in 'typescript__lib-es2016'
File '/Users/aarnawa/personal-projects/PortfolioWebsite/my-portfolio/node_modules/@types/typescript__lib-es2016.d.ts' does not exist.
Directory '/Users/aarnawa/personal-projects/PortfolioWebsite/node_modules' does not exist, skipping all lookups in it.
Scoped package detected, looking in 'typescript__lib-es2016'
Directory '/Users/aarnawa/personal-projects/node_modules' does not exist, skipping all lookups in it.
Scoped package detected, looking in 'typescript__lib-es2016'
Directory '/Users/aarnawa/node_modules' does not exist, skipping all lookups in it.
Scoped package detected, looking in 'typescript__lib-es2016'
Directory '/Users/node_modules' does not exist, skipping all lookups in it.
Scoped package detected, looking in 'typescript__lib-es2016'
Directory '/node_modules' does not exist, skipping all lookups in it.
Scoped package detected, looking in 'typescript__lib-es2016'
Loading module '@typescript/lib-es2016' from 'node_modules' folder, target file types: JavaScript.
Searching all ancestor node_modules directories for fallback extensions: JavaScript.
Directory '/Users/aarnawa/personal-projects/PortfolioWebsite/node_modules' does not exist, skipping all lookups in it.
Directory '/Users/aarnawa/personal-projects/node_modules' does not exist, skipping all lookups in it.
Directory '/Users/aarnawa/node_modules' does not exist, skipping all lookups in it.
Directory '/Users/node_modules' does not exist, skipping all lookups in it.
Directory '/node_modules' does not exist, skipping all lookups in it.
======== Module name '@typescript/lib-es2016' was not resolved. ========
File '/Users/aarnawa/personal-projects/PortfolioWebsite/my-portfolio/node_modules/typescript/lib/package.json' does not exist according to earlier cached lookups.
File '/Users/aarnawa/personal-projects/PortfolioWebsite/my-portfolio/node_modules/typescript/package.json' exists according to earlier cached lookups.
======== Resolving module '@typescript/lib-es2015' from '/Users/aarnawa/personal-projects/PortfolioWebsite/my-portfolio/__lib_node_modules_lookup_lib.es2015.d.ts__.ts'. ========
Explicitly specified module resolution kind: 'Node10'.
Loading module '@typescript/lib-es2015' from 'node_modules' folder, target file types: TypeScript, Declaration.
Searching all ancestor node_modules directories for preferred extensions: TypeScript, Declaration.
Scoped package detected, looking in 'typescript__lib-es2015'
File '/Users/aarnawa/personal-projects/PortfolioWebsite/my-portfolio/node_modules/@types/typescript__lib-es2015.d.ts' does not exist.
Directory '/Users/aarnawa/personal-projects/PortfolioWebsite/node_modules' does not exist, skipping all lookups in it.
Scoped package detected, looking in 'typescript__lib-es2015'
Directory '/Users/aarnawa/personal-projects/node_modules' does not exist, skipping all lookups in it.
Scoped package detected, looking in 'typescript__lib-es2015'
Directory '/Users/aarnawa/node_modules' does not exist, skipping all lookups in it.
Scoped package detected, looking in 'typescript__lib-es2015'
Directory '/Users/node_modules' does not exist, skipping all lookups in it.
Scoped package detected, looking in 'typescript__lib-es2015'
Directory '/node_modules' does not exist, skipping all lookups in it.
Scoped package detected, looking in 'typescript__lib-es2015'
Loading module '@typescript/lib-es2015' from 'node_modules' folder, target file types: JavaScript.
Searching all ancestor node_modules directories for fallback extensions: JavaScript.
Directory '/Users/aarnawa/personal-projects/PortfolioWebsite/node_modules' does not exist, skipping all lookups in it.
Directory '/Users/aarnawa/personal-projects/node_modules' does not exist, skipping all lookups in it.
Directory '/Users/aarnawa/node_modules' does not exist, skipping all lookups in it.
Directory '/Users/node_modules' does not exist, skipping all lookups in it.
Directory '/node_modules' does not exist, skipping all lookups in it.
======== Module name '@typescript/lib-es2015' was not resolved. ========
File '/Users/aarnawa/personal-projects/PortfolioWebsite/my-portfolio/node_modules/typescript/lib/package.json' does not exist according to earlier cached lookups.
File '/Users/aarnawa/personal-projects/PortfolioWebsite/my-portfolio/node_modules/typescript/package.json' exists according to earlier cached lookups.
======== Resolving module '@typescript/lib-es5' from '/Users/aarnawa/personal-projects/PortfolioWebsite/my-portfolio/__lib_node_modules_lookup_lib.es5.d.ts__.ts'. ========
Explicitly specified module resolution kind: 'Node10'.
Loading module '@typescript/lib-es5' from 'node_modules' folder, target file types: TypeScript, Declaration.
Searching all ancestor node_modules directories for preferred extensions: TypeScript, Declaration.
Scoped package detected, looking in 'typescript__lib-es5'
File '/Users/aarnawa/personal-projects/PortfolioWebsite/my-portfolio/node_modules/@types/typescript__lib-es5.d.ts' does not exist.
Directory '/Users/aarnawa/personal-projects/PortfolioWebsite/node_modules' does not exist, skipping all lookups in it.
Scoped package detected, looking in 'typescript__lib-es5'
Directory '/Users/aarnawa/personal-projects/node_modules' does not exist, skipping all lookups in it.
Scoped package detected, looking in 'typescript__lib-es5'
Directory '/Users/aarnawa/node_modules' does not exist, skipping all lookups in it.
Scoped package detected, looking in 'typescript__lib-es5'
Directory '/Users/node_modules' does not exist, skipping all lookups in it.
Scoped package detected, looking in 'typescript__lib-es5'
Directory '/node_modules' does not exist, skipping all lookups in it.
Scoped package detected, looking in 'typescript__lib-es5'
Loading module '@typescript/lib-es5' from 'node_modules' folder, target file types: JavaScript.
Searching all ancestor node_modules directories for fallback extensions: JavaScript.
Directory '/Users/aarnawa/personal-projects/PortfolioWebsite/node_modules' does not exist, skipping all lookups in it.
Directory '/Users/aarnawa/personal-projects/node_modules' does not exist, skipping all lookups in it.
Directory '/Users/aarnawa/node_modules' does not exist, skipping all lookups in it.
Directory '/Users/node_modules' does not exist, skipping all lookups in it.
Directory '/node_modules' does not exist, skipping all lookups in it.
======== Module name '@typescript/lib-es5' was not resolved. ========
File '/Users/aarnawa/personal-projects/PortfolioWebsite/my-portfolio/node_modules/typescript/lib/package.json' does not exist according to earlier cached lookups.
File '/Users/aarnawa/personal-projects/PortfolioWebsite/my-portfolio/node_modules/typescript/package.json' exists according to earlier cached lookups.
======== Resolving module '@typescript/lib-decorators' from '/Users/aarnawa/personal-projects/PortfolioWebsite/my-portfolio/__lib_node_modules_lookup_lib.decorators.d.ts__.ts'. ========
Explicitly specified module resolution kind: 'Node10'.
Loading module '@typescript/lib-decorators' from 'node_modules' folder, target file types: TypeScript, Declaration.
Searching all ancestor node_modules directories for preferred extensions: TypeScript, Declaration.
Scoped package detected, looking in 'typescript__lib-decorators'
File '/Users/aarnawa/personal-projects/PortfolioWebsite/my-portfolio/node_modules/@types/typescript__lib-decorators.d.ts' does not exist.
Directory '/Users/aarnawa/personal-projects/PortfolioWebsite/node_modules' does not exist, skipping all lookups in it.
Scoped package detected, looking in 'typescript__lib-decorators'
Directory '/Users/aarnawa/personal-projects/node_modules' does not exist, skipping all lookups in it.
Scoped package detected, looking in 'typescript__lib-decorators'
Directory '/Users/aarnawa/node_modules' does not exist, skipping all lookups in it.
Scoped package detected, looking in 'typescript__lib-decorators'
Directory '/Users/node_modules' does not exist, skipping all lookups in it.
Scoped package detected, looking in 'typescript__lib-decorators'
Directory '/node_modules' does not exist, skipping all lookups in it.
Scoped package detected, looking in 'typescript__lib-decorators'
Loading module '@typescript/lib-decorators' from 'node_modules' folder, target file types: JavaScript.
Searching all ancestor node_modules directories for fallback extensions: JavaScript.
Directory '/Users/aarnawa/personal-projects/PortfolioWebsite/node_modules' does not exist, skipping all lookups in it.
Directory '/Users/aarnawa/personal-projects/node_modules' does not exist, skipping all lookups in it.
Directory '/Users/aarnawa/node_modules' does not exist, skipping all lookups in it.
Directory '/Users/node_modules' does not exist, skipping all lookups in it.
Directory '/node_modules' does not exist, skipping all lookups in it.
======== Module name '@typescript/lib-decorators' was not resolved. ========
File '/Users/aarnawa/personal-projects/PortfolioWebsite/my-portfolio/node_modules/typescript/lib/package.json' does not exist according to earlier cached lookups.
File '/Users/aarnawa/personal-projects/PortfolioWebsite/my-portfolio/node_modules/typescript/package.json' exists according to earlier cached lookups.
======== Resolving module '@typescript/lib-decorators/legacy' from '/Users/aarnawa/personal-projects/PortfolioWebsite/my-portfolio/__lib_node_modules_lookup_lib.decorators.legacy.d.ts__.ts'. ========
Explicitly specified module resolution kind: 'Node10'.
Loading module '@typescript/lib-decorators/legacy' from 'node_modules' folder, target file types: TypeScript, Declaration.
Searching all ancestor node_modules directories for preferred extensions: TypeScript, Declaration.
Scoped package detected, looking in 'typescript__lib-decorators/legacy'
Directory '/Users/aarnawa/personal-projects/PortfolioWebsite/node_modules' does not exist, skipping all lookups in it.
Scoped package detected, looking in 'typescript__lib-decorators/legacy'
Directory '/Users/aarnawa/personal-projects/node_modules' does not exist, skipping all lookups in it.
Scoped package detected, looking in 'typescript__lib-decorators/legacy'
Directory '/Users/aarnawa/node_modules' does not exist, skipping all lookups in it.
Scoped package detected, looking in 'typescript__lib-decorators/legacy'
Directory '/Users/node_modules' does not exist, skipping all lookups in it.
Scoped package detected, looking in 'typescript__lib-decorators/legacy'
Directory '/node_modules' does not exist, skipping all lookups in it.
Scoped package detected, looking in 'typescript__lib-decorators/legacy'
Loading module '@typescript/lib-decorators/legacy' from 'node_modules' folder, target file types: JavaScript.
Searching all ancestor node_modules directories for fallback extensions: JavaScript.
Directory '/Users/aarnawa/personal-projects/PortfolioWebsite/node_modules' does not exist, skipping all lookups in it.
Directory '/Users/aarnawa/personal-projects/node_modules' does not exist, skipping all lookups in it.
Directory '/Users/aarnawa/node_modules' does not exist, skipping all lookups in it.
Directory '/Users/node_modules' does not exist, skipping all lookups in it.
Directory '/node_modules' does not exist, skipping all lookups in it.
======== Module name '@typescript/lib-decorators/legacy' was not resolved. ========
File '/Users/aarnawa/personal-projects/PortfolioWebsite/my-portfolio/node_modules/typescript/lib/package.json' does not exist according to earlier cached lookups.
File '/Users/aarnawa/personal-projects/PortfolioWebsite/my-portfolio/node_modules/typescript/package.json' exists according to earlier cached lookups.
======== Resolving module '@typescript/lib-es2015/core' from '/Users/aarnawa/personal-projects/PortfolioWebsite/my-portfolio/__lib_node_modules_lookup_lib.es2015.core.d.ts__.ts'. ========
Explicitly specified module resolution kind: 'Node10'.
Loading module '@typescript/lib-es2015/core' from 'node_modules' folder, target file types: TypeScript, Declaration.
Searching all ancestor node_modules directories for preferred extensions: TypeScript, Declaration.
Scoped package detected, looking in 'typescript__lib-es2015/core'
Directory '/Users/aarnawa/personal-projects/PortfolioWebsite/node_modules' does not exist, skipping all lookups in it.
Scoped package detected, looking in 'typescript__lib-es2015/core'
Directory '/Users/aarnawa/personal-projects/node_modules' does not exist, skipping all lookups in it.
Scoped package detected, looking in 'typescript__lib-es2015/core'
Directory '/Users/aarnawa/node_modules' does not exist, skipping all lookups in it.
Scoped package detected, looking in 'typescript__lib-es2015/core'
Directory '/Users/node_modules' does not exist, skipping all lookups in it.
Scoped package detected, looking in 'typescript__lib-es2015/core'
Directory '/node_modules' does not exist, skipping all lookups in it.
Scoped package detected, looking in 'typescript__lib-es2015/core'
Loading module '@typescript/lib-es2015/core' from 'node_modules' folder, target file types: JavaScript.
Searching all ancestor node_modules directories for fallback extensions: JavaScript.
Directory '/Users/aarnawa/personal-projects/PortfolioWebsite/node_modules' does not exist, skipping all lookups in it.
Directory '/Users/aarnawa/personal-projects/node_modules' does not exist, skipping all lookups in it.
Directory '/Users/aarnawa/node_modules' does not exist, skipping all lookups in it.
Directory '/Users/node_modules' does not exist, skipping all lookups in it.
Directory '/node_modules' does not exist, skipping all lookups in it.
======== Module name '@typescript/lib-es2015/core' was not resolved. ========
File '/Users/aarnawa/personal-projects/PortfolioWebsite/my-portfolio/node_modules/typescript/lib/package.json' does not exist according to earlier cached lookups.
File '/Users/aarnawa/personal-projects/PortfolioWebsite/my-portfolio/node_modules/typescript/package.json' exists according to earlier cached lookups.
======== Resolving module '@typescript/lib-es2015/collection' from '/Users/aarnawa/personal-projects/PortfolioWebsite/my-portfolio/__lib_node_modules_lookup_lib.es2015.collection.d.ts__.ts'. ========
Explicitly specified module resolution kind: 'Node10'.
Loading module '@typescript/lib-es2015/collection' from 'node_modules' folder, target file types: TypeScript, Declaration.
Searching all ancestor node_modules directories for preferred extensions: TypeScript, Declaration.
Scoped package detected, looking in 'typescript__lib-es2015/collection'
Directory '/Users/aarnawa/personal-projects/PortfolioWebsite/node_modules' does not exist, skipping all lookups in it.
Scoped package detected, looking in 'typescript__lib-es2015/collection'
Directory '/Users/aarnawa/personal-projects/node_modules' does not exist, skipping all lookups in it.
Scoped package detected, looking in 'typescript__lib-es2015/collection'
Directory '/Users/aarnawa/node_modules' does not exist, skipping all lookups in it.
Scoped package detected, looking in 'typescript__lib-es2015/collection'
Directory '/Users/node_modules' does not exist, skipping all lookups in it.
Scoped package detected, looking in 'typescript__lib-es2015/collection'
Directory '/node_modules' does not exist, skipping all lookups in it.
Scoped package detected, looking in 'typescript__lib-es2015/collection'
Loading module '@typescript/lib-es2015/collection' from 'node_modules' folder, target file types: JavaScript.
Searching all ancestor node_modules directories for fallback extensions: JavaScript.
Directory '/Users/aarnawa/personal-projects/PortfolioWebsite/node_modules' does not exist, skipping all lookups in it.
Directory '/Users/aarnawa/personal-projects/node_modules' does not exist, skipping all lookups in it.
Directory '/Users/aarnawa/node_modules' does not exist, skipping all lookups in it.
Directory '/Users/node_modules' does not exist, skipping all lookups in it.
Directory '/node_modules' does not exist, skipping all lookups in it.
======== Module name '@typescript/lib-es2015/collection' was not resolved. ========
File '/Users/aarnawa/personal-projects/PortfolioWebsite/my-portfolio/node_modules/typescript/lib/package.json' does not exist according to earlier cached lookups.
File '/Users/aarnawa/personal-projects/PortfolioWebsite/my-portfolio/node_modules/typescript/package.json' exists according to earlier cached lookups.
======== Resolving module '@typescript/lib-es2015/iterable' from '/Users/aarnawa/personal-projects/PortfolioWebsite/my-portfolio/__lib_node_modules_lookup_lib.es2015.iterable.d.ts__.ts'. ========
Explicitly specified module resolution kind: 'Node10'.
Loading module '@typescript/lib-es2015/iterable' from 'node_modules' folder, target file types: TypeScript, Declaration.
Searching all ancestor node_modules directories for preferred extensions: TypeScript, Declaration.
Scoped package detected, looking in 'typescript__lib-es2015/iterable'
Directory '/Users/aarnawa/personal-projects/PortfolioWebsite/node_modules' does not exist, skipping all lookups in it.
Scoped package detected, looking in 'typescript__lib-es2015/iterable'
Directory '/Users/aarnawa/personal-projects/node_modules' does not exist, skipping all lookups in it.
Scoped package detected, looking in 'typescript__lib-es2015/iterable'
Directory '/Users/aarnawa/node_modules' does not exist, skipping all lookups in it.
Scoped package detected, looking in 'typescript__lib-es2015/iterable'
Directory '/Users/node_modules' does not exist, skipping all lookups in it.
Scoped package detected, looking in 'typescript__lib-es2015/iterable'
Directory '/node_modules' does not exist, skipping all lookups in it.
Scoped package detected, looking in 'typescript__lib-es2015/iterable'
Loading module '@typescript/lib-es2015/iterable' from 'node_modules' folder, target file types: JavaScript.
Searching all ancestor node_modules directories for fallback extensions: JavaScript.
Directory '/Users/aarnawa/personal-projects/PortfolioWebsite/node_modules' does not exist, skipping all lookups in it.
Directory '/Users/aarnawa/personal-projects/node_modules' does not exist, skipping all lookups in it.
Directory '/Users/aarnawa/node_modules' does not exist, skipping all lookups in it.
Directory '/Users/node_modules' does not exist, skipping all lookups in it.
Directory '/node_modules' does not exist, skipping all lookups in it.
======== Module name '@typescript/lib-es2015/iterable' was not resolved. ========
File '/Users/aarnawa/personal-projects/PortfolioWebsite/my-portfolio/node_modules/typescript/lib/package.json' does not exist according to earlier cached lookups.
File '/Users/aarnawa/personal-projects/PortfolioWebsite/my-portfolio/node_modules/typescript/package.json' exists according to earlier cached lookups.
======== Resolving module '@typescript/lib-es2015/symbol' from '/Users/aarnawa/personal-projects/PortfolioWebsite/my-portfolio/__lib_node_modules_lookup_lib.es2015.symbol.d.ts__.ts'. ========
Explicitly specified module resolution kind: 'Node10'.
Loading module '@typescript/lib-es2015/symbol' from 'node_modules' folder, target file types: TypeScript, Declaration.
Searching all ancestor node_modules directories for preferred extensions: TypeScript, Declaration.
Scoped package detected, looking in 'typescript__lib-es2015/symbol'
Directory '/Users/aarnawa/personal-projects/PortfolioWebsite/node_modules' does not exist, skipping all lookups in it.
Scoped package detected, looking in 'typescript__lib-es2015/symbol'
Directory '/Users/aarnawa/personal-projects/node_modules' does not exist, skipping all lookups in it.
Scoped package detected, looking in 'typescript__lib-es2015/symbol'
Directory '/Users/aarnawa/node_modules' does not exist, skipping all lookups in it.
Scoped package detected, looking in 'typescript__lib-es2015/symbol'
Directory '/Users/node_modules' does not exist, skipping all lookups in it.
Scoped package detected, looking in 'typescript__lib-es2015/symbol'
Directory '/node_modules' does not exist, skipping all lookups in it.
Scoped package detected, looking in 'typescript__lib-es2015/symbol'
Loading module '@typescript/lib-es2015/symbol' from 'node_modules' folder, target file types: JavaScript.
Searching all ancestor node_modules directories for fallback extensions: JavaScript.
Directory '/Users/aarnawa/personal-projects/PortfolioWebsite/node_modules' does not exist, skipping all lookups in it.
Directory '/Users/aarnawa/personal-projects/node_modules' does not exist, skipping all lookups in it.
Directory '/Users/aarnawa/node_modules' does not exist, skipping all lookups in it.
Directory '/Users/node_modules' does not exist, skipping all lookups in it.
Directory '/node_modules' does not exist, skipping all lookups in it.
======== Module name '@typescript/lib-es2015/symbol' was not resolved. ========
File '/Users/aarnawa/personal-projects/PortfolioWebsite/my-portfolio/node_modules/typescript/lib/package.json' does not exist according to earlier cached lookups.
File '/Users/aarnawa/personal-projects/PortfolioWebsite/my-portfolio/node_modules/typescript/package.json' exists according to earlier cached lookups.
======== Resolving module '@typescript/lib-es2015/generator' from '/Users/aarnawa/personal-projects/PortfolioWebsite/my-portfolio/__lib_node_modules_lookup_lib.es2015.generator.d.ts__.ts'. ========
Explicitly specified module resolution kind: 'Node10'.
Loading module '@typescript/lib-es2015/generator' from 'node_modules' folder, target file types: TypeScript, Declaration.
Searching all ancestor node_modules directories for preferred extensions: TypeScript, Declaration.
Scoped package detected, looking in 'typescript__lib-es2015/generator'
Directory '/Users/aarnawa/personal-projects/PortfolioWebsite/node_modules' does not exist, skipping all lookups in it.
Scoped package detected, looking in 'typescript__lib-es2015/generator'
Directory '/Users/aarnawa/personal-projects/node_modules' does not exist, skipping all lookups in it.
Scoped package detected, looking in 'typescript__lib-es2015/generator'
Directory '/Users/aarnawa/node_modules' does not exist, skipping all lookups in it.
Scoped package detected, looking in 'typescript__lib-es2015/generator'
Directory '/Users/node_modules' does not exist, skipping all lookups in it.
Scoped package detected, looking in 'typescript__lib-es2015/generator'
Directory '/node_modules' does not exist, skipping all lookups in it.
Scoped package detected, looking in 'typescript__lib-es2015/generator'
Loading module '@typescript/lib-es2015/generator' from 'node_modules' folder, target file types: JavaScript.
Searching all ancestor node_modules directories for fallback extensions: JavaScript.
Directory '/Users/aarnawa/personal-projects/PortfolioWebsite/node_modules' does not exist, skipping all lookups in it.
Directory '/Users/aarnawa/personal-projects/node_modules' does not exist, skipping all lookups in it.
Directory '/Users/aarnawa/node_modules' does not exist, skipping all lookups in it.
Directory '/Users/node_modules' does not exist, skipping all lookups in it.
Directory '/node_modules' does not exist, skipping all lookups in it.
======== Module name '@typescript/lib-es2015/generator' was not resolved. ========
File '/Users/aarnawa/personal-projects/PortfolioWebsite/my-portfolio/node_modules/typescript/lib/package.json' does not exist according to earlier cached lookups.
File '/Users/aarnawa/personal-projects/PortfolioWebsite/my-portfolio/node_modules/typescript/package.json' exists according to earlier cached lookups.
======== Resolving module '@typescript/lib-es2015/promise' from '/Users/aarnawa/personal-projects/PortfolioWebsite/my-portfolio/__lib_node_modules_lookup_lib.es2015.promise.d.ts__.ts'. ========
Explicitly specified module resolution kind: 'Node10'.
Loading module '@typescript/lib-es2015/promise' from 'node_modules' folder, target file types: TypeScript, Declaration.
Searching all ancestor node_modules directories for preferred extensions: TypeScript, Declaration.
Scoped package detected, looking in 'typescript__lib-es2015/promise'
Directory '/Users/aarnawa/personal-projects/PortfolioWebsite/node_modules' does not exist, skipping all lookups in it.
Scoped package detected, looking in 'typescript__lib-es2015/promise'
Directory '/Users/aarnawa/personal-projects/node_modules' does not exist, skipping all lookups in it.
Scoped package detected, looking in 'typescript__lib-es2015/promise'
Directory '/Users/aarnawa/node_modules' does not exist, skipping all lookups in it.
Scoped package detected, looking in 'typescript__lib-es2015/promise'
Directory '/Users/node_modules' does not exist, skipping all lookups in it.
Scoped package detected, looking in 'typescript__lib-es2015/promise'
Directory '/node_modules' does not exist, skipping all lookups in it.
Scoped package detected, looking in 'typescript__lib-es2015/promise'
Loading module '@typescript/lib-es2015/promise' from 'node_modules' folder, target file types: JavaScript.
Searching all ancestor node_modules directories for fallback extensions: JavaScript.
Directory '/Users/aarnawa/personal-projects/PortfolioWebsite/node_modules' does not exist, skipping all lookups in it.
Directory '/Users/aarnawa/personal-projects/node_modules' does not exist, skipping all lookups in it.
Directory '/Users/aarnawa/node_modules' does not exist, skipping all lookups in it.
Directory '/Users/node_modules' does not exist, skipping all lookups in it.
Directory '/node_modules' does not exist, skipping all lookups in it.
======== Module name '@typescript/lib-es2015/promise' was not resolved. ========
File '/Users/aarnawa/personal-projects/PortfolioWebsite/my-portfolio/node_modules/typescript/lib/package.json' does not exist according to earlier cached lookups.
File '/Users/aarnawa/personal-projects/PortfolioWebsite/my-portfolio/node_modules/typescript/package.json' exists according to earlier cached lookups.
======== Resolving module '@typescript/lib-es2015/proxy' from '/Users/aarnawa/personal-projects/PortfolioWebsite/my-portfolio/__lib_node_modules_lookup_lib.es2015.proxy.d.ts__.ts'. ========
Explicitly specified module resolution kind: 'Node10'.
Loading module '@typescript/lib-es2015/proxy' from 'node_modules' folder, target file types: TypeScript, Declaration.
Searching all ancestor node_modules directories for preferred extensions: TypeScript, Declaration.
Scoped package detected, looking in 'typescript__lib-es2015/proxy'
Directory '/Users/aarnawa/personal-projects/PortfolioWebsite/node_modules' does not exist, skipping all lookups in it.
Scoped package detected, looking in 'typescript__lib-es2015/proxy'
Directory '/Users/aarnawa/personal-projects/node_modules' does not exist, skipping all lookups in it.
Scoped package detected, looking in 'typescript__lib-es2015/proxy'
Directory '/Users/aarnawa/node_modules' does not exist, skipping all lookups in it.
Scoped package detected, looking in 'typescript__lib-es2015/proxy'
Directory '/Users/node_modules' does not exist, skipping all lookups in it.
Scoped package detected, looking in 'typescript__lib-es2015/proxy'
Directory '/node_modules' does not exist, skipping all lookups in it.
Scoped package detected, looking in 'typescript__lib-es2015/proxy'
Loading module '@typescript/lib-es2015/proxy' from 'node_modules' folder, target file types: JavaScript.
Searching all ancestor node_modules directories for fallback extensions: JavaScript.
Directory '/Users/aarnawa/personal-projects/PortfolioWebsite/node_modules' does not exist, skipping all lookups in it.
Directory '/Users/aarnawa/personal-projects/node_modules' does not exist, skipping all lookups in it.
Directory '/Users/aarnawa/node_modules' does not exist, skipping all lookups in it.
Directory '/Users/node_modules' does not exist, skipping all lookups in it.
Directory '/node_modules' does not exist, skipping all lookups in it.
======== Module name '@typescript/lib-es2015/proxy' was not resolved. ========
File '/Users/aarnawa/personal-projects/PortfolioWebsite/my-portfolio/node_modules/typescript/lib/package.json' does not exist according to earlier cached lookups.
File '/Users/aarnawa/personal-projects/PortfolioWebsite/my-portfolio/node_modules/typescript/package.json' exists according to earlier cached lookups.
======== Resolving module '@typescript/lib-es2015/reflect' from '/Users/aarnawa/personal-projects/PortfolioWebsite/my-portfolio/__lib_node_modules_lookup_lib.es2015.reflect.d.ts__.ts'. ========
Explicitly specified module resolution kind: 'Node10'.
Loading module '@typescript/lib-es2015/reflect' from 'node_modules' folder, target file types: TypeScript, Declaration.
Searching all ancestor node_modules directories for preferred extensions: TypeScript, Declaration.
Scoped package detected, looking in 'typescript__lib-es2015/reflect'
Directory '/Users/aarnawa/personal-projects/PortfolioWebsite/node_modules' does not exist, skipping all lookups in it.
Scoped package detected, looking in 'typescript__lib-es2015/reflect'
Directory '/Users/aarnawa/personal-projects/node_modules' does not exist, skipping all lookups in it.
Scoped package detected, looking in 'typescript__lib-es2015/reflect'
Directory '/Users/aarnawa/node_modules' does not exist, skipping all lookups in it.
Scoped package detected, looking in 'typescript__lib-es2015/reflect'
Directory '/Users/node_modules' does not exist, skipping all lookups in it.
Scoped package detected, looking in 'typescript__lib-es2015/reflect'
Directory '/node_modules' does not exist, skipping all lookups in it.
Scoped package detected, looking in 'typescript__lib-es2015/reflect'
Loading module '@typescript/lib-es2015/reflect' from 'node_modules' folder, target file types: JavaScript.
Searching all ancestor node_modules directories for fallback extensions: JavaScript.
Directory '/Users/aarnawa/personal-projects/PortfolioWebsite/node_modules' does not exist, skipping all lookups in it.
Directory '/Users/aarnawa/personal-projects/node_modules' does not exist, skipping all lookups in it.
Directory '/Users/aarnawa/node_modules' does not exist, skipping all lookups in it.
Directory '/Users/node_modules' does not exist, skipping all lookups in it.
Directory '/node_modules' does not exist, skipping all lookups in it.
======== Module name '@typescript/lib-es2015/reflect' was not resolved. ========
File '/Users/aarnawa/personal-projects/PortfolioWebsite/my-portfolio/node_modules/typescript/lib/package.json' does not exist according to earlier cached lookups.
File '/Users/aarnawa/personal-projects/PortfolioWebsite/my-portfolio/node_modules/typescript/package.json' exists according to earlier cached lookups.
======== Resolving module '@typescript/lib-es2015/symbol-wellknown' from '/Users/aarnawa/personal-projects/PortfolioWebsite/my-portfolio/__lib_node_modules_lookup_lib.es2015.symbol.wellknown.d.ts__.ts'. ========
Explicitly specified module resolution kind: 'Node10'.
Loading module '@typescript/lib-es2015/symbol-wellknown' from 'node_modules' folder, target file types: TypeScript, Declaration.
Searching all ancestor node_modules directories for preferred extensions: TypeScript, Declaration.
Scoped package detected, looking in 'typescript__lib-es2015/symbol-wellknown'
Directory '/Users/aarnawa/personal-projects/PortfolioWebsite/node_modules' does not exist, skipping all lookups in it.
Scoped package detected, looking in 'typescript__lib-es2015/symbol-wellknown'
Directory '/Users/aarnawa/personal-projects/node_modules' does not exist, skipping all lookups in it.
Scoped package detected, looking in 'typescript__lib-es2015/symbol-wellknown'
Directory '/Users/aarnawa/node_modules' does not exist, skipping all lookups in it.
Scoped package detected, looking in 'typescript__lib-es2015/symbol-wellknown'
Directory '/Users/node_modules' does not exist, skipping all lookups in it.
Scoped package detected, looking in 'typescript__lib-es2015/symbol-wellknown'
Directory '/node_modules' does not exist, skipping all lookups in it.
Scoped package detected, looking in 'typescript__lib-es2015/symbol-wellknown'
Loading module '@typescript/lib-es2015/symbol-wellknown' from 'node_modules' folder, target file types: JavaScript.
Searching all ancestor node_modules directories for fallback extensions: JavaScript.
Directory '/Users/aarnawa/personal-projects/PortfolioWebsite/node_modules' does not exist, skipping all lookups in it.
Directory '/Users/aarnawa/personal-projects/node_modules' does not exist, skipping all lookups in it.
Directory '/Users/aarnawa/node_modules' does not exist, skipping all lookups in it.
Directory '/Users/node_modules' does not exist, skipping all lookups in it.
Directory '/node_modules' does not exist, skipping all lookups in it.
======== Module name '@typescript/lib-es2015/symbol-wellknown' was not resolved. ========
File '/Users/aarnawa/personal-projects/PortfolioWebsite/my-portfolio/node_modules/typescript/lib/package.json' does not exist according to earlier cached lookups.
File '/Users/aarnawa/personal-projects/PortfolioWebsite/my-portfolio/node_modules/typescript/package.json' exists according to earlier cached lookups.
======== Resolving module '@typescript/lib-es2016/array-include' from '/Users/aarnawa/personal-projects/PortfolioWebsite/my-portfolio/__lib_node_modules_lookup_lib.es2016.array.include.d.ts__.ts'. ========
Explicitly specified module resolution kind: 'Node10'.
Loading module '@typescript/lib-es2016/array-include' from 'node_modules' folder, target file types: TypeScript, Declaration.
Searching all ancestor node_modules directories for preferred extensions: TypeScript, Declaration.
Scoped package detected, looking in 'typescript__lib-es2016/array-include'
Directory '/Users/aarnawa/personal-projects/PortfolioWebsite/node_modules' does not exist, skipping all lookups in it.
Scoped package detected, looking in 'typescript__lib-es2016/array-include'
Directory '/Users/aarnawa/personal-projects/node_modules' does not exist, skipping all lookups in it.
Scoped package detected, looking in 'typescript__lib-es2016/array-include'
Directory '/Users/aarnawa/node_modules' does not exist, skipping all lookups in it.
Scoped package detected, looking in 'typescript__lib-es2016/array-include'
Directory '/Users/node_modules' does not exist, skipping all lookups in it.
Scoped package detected, looking in 'typescript__lib-es2016/array-include'
Directory '/node_modules' does not exist, skipping all lookups in it.
Scoped package detected, looking in 'typescript__lib-es2016/array-include'
Loading module '@typescript/lib-es2016/array-include' from 'node_modules' folder, target file types: JavaScript.
Searching all ancestor node_modules directories for fallback extensions: JavaScript.
Directory '/Users/aarnawa/personal-projects/PortfolioWebsite/node_modules' does not exist, skipping all lookups in it.
Directory '/Users/aarnawa/personal-projects/node_modules' does not exist, skipping all lookups in it.
Directory '/Users/aarnawa/node_modules' does not exist, skipping all lookups in it.
Directory '/Users/node_modules' does not exist, skipping all lookups in it.
Directory '/node_modules' does not exist, skipping all lookups in it.
======== Module name '@typescript/lib-es2016/array-include' was not resolved. ========
File '/Users/aarnawa/personal-projects/PortfolioWebsite/my-portfolio/node_modules/typescript/lib/package.json' does not exist according to earlier cached lookups.
File '/Users/aarnawa/personal-projects/PortfolioWebsite/my-portfolio/node_modules/typescript/package.json' exists according to earlier cached lookups.
======== Resolving module '@typescript/lib-es2016/intl' from '/Users/aarnawa/personal-projects/PortfolioWebsite/my-portfolio/__lib_node_modules_lookup_lib.es2016.intl.d.ts__.ts'. ========
Explicitly specified module resolution kind: 'Node10'.
Loading module '@typescript/lib-es2016/intl' from 'node_modules' folder, target file types: TypeScript, Declaration.
Searching all ancestor node_modules directories for preferred extensions: TypeScript, Declaration.
Scoped package detected, looking in 'typescript__lib-es2016/intl'
Directory '/Users/aarnawa/personal-projects/PortfolioWebsite/node_modules' does not exist, skipping all lookups in it.
Scoped package detected, looking in 'typescript__lib-es2016/intl'
Directory '/Users/aarnawa/personal-projects/node_modules' does not exist, skipping all lookups in it.
Scoped package detected, looking in 'typescript__lib-es2016/intl'
Directory '/Users/aarnawa/node_modules' does not exist, skipping all lookups in it.
Scoped package detected, looking in 'typescript__lib-es2016/intl'
Directory '/Users/node_modules' does not exist, skipping all lookups in it.
Scoped package detected, looking in 'typescript__lib-es2016/intl'
Directory '/node_modules' does not exist, skipping all lookups in it.
Scoped package detected, looking in 'typescript__lib-es2016/intl'
Loading module '@typescript/lib-es2016/intl' from 'node_modules' folder, target file types: JavaScript.
Searching all ancestor node_modules directories for fallback extensions: JavaScript.
Directory '/Users/aarnawa/personal-projects/PortfolioWebsite/node_modules' does not exist, skipping all lookups in it.
Directory '/Users/aarnawa/personal-projects/node_modules' does not exist, skipping all lookups in it.
Directory '/Users/aarnawa/node_modules' does not exist, skipping all lookups in it.
Directory '/Users/node_modules' does not exist, skipping all lookups in it.
Directory '/node_modules' does not exist, skipping all lookups in it.
======== Module name '@typescript/lib-es2016/intl' was not resolved. ========
File '/Users/aarnawa/personal-projects/PortfolioWebsite/my-portfolio/node_modules/typescript/lib/package.json' does not exist according to earlier cached lookups.
File '/Users/aarnawa/personal-projects/PortfolioWebsite/my-portfolio/node_modules/typescript/package.json' exists according to earlier cached lookups.
======== Resolving module '@typescript/lib-es2017/arraybuffer' from '/Users/aarnawa/personal-projects/PortfolioWebsite/my-portfolio/__lib_node_modules_lookup_lib.es2017.arraybuffer.d.ts__.ts'. ========
Explicitly specified module resolution kind: 'Node10'.
Loading module '@typescript/lib-es2017/arraybuffer' from 'node_modules' folder, target file types: TypeScript, Declaration.
Searching all ancestor node_modules directories for preferred extensions: TypeScript, Declaration.
Scoped package detected, looking in 'typescript__lib-es2017/arraybuffer'
Directory '/Users/aarnawa/personal-projects/PortfolioWebsite/node_modules' does not exist, skipping all lookups in it.
Scoped package detected, looking in 'typescript__lib-es2017/arraybuffer'
Directory '/Users/aarnawa/personal-projects/node_modules' does not exist, skipping all lookups in it.
Scoped package detected, looking in 'typescript__lib-es2017/arraybuffer'
Directory '/Users/aarnawa/node_modules' does not exist, skipping all lookups in it.
Scoped package detected, looking in 'typescript__lib-es2017/arraybuffer'
Directory '/Users/node_modules' does not exist, skipping all lookups in it.
Scoped package detected, looking in 'typescript__lib-es2017/arraybuffer'
Directory '/node_modules' does not exist, skipping all lookups in it.
Scoped package detected, looking in 'typescript__lib-es2017/arraybuffer'
Loading module '@typescript/lib-es2017/arraybuffer' from 'node_modules' folder, target file types: JavaScript.
Searching all ancestor node_modules directories for fallback extensions: JavaScript.
Directory '/Users/aarnawa/personal-projects/PortfolioWebsite/node_modules' does not exist, skipping all lookups in it.
Directory '/Users/aarnawa/personal-projects/node_modules' does not exist, skipping all lookups in it.
Directory '/Users/aarnawa/node_modules' does not exist, skipping all lookups in it.
Directory '/Users/node_modules' does not exist, skipping all lookups in it.
Directory '/node_modules' does not exist, skipping all lookups in it.
======== Module name '@typescript/lib-es2017/arraybuffer' was not resolved. ========
File '/Users/aarnawa/personal-projects/PortfolioWebsite/my-portfolio/node_modules/typescript/lib/package.json' does not exist according to earlier cached lookups.
File '/Users/aarnawa/personal-projects/PortfolioWebsite/my-portfolio/node_modules/typescript/package.json' exists according to earlier cached lookups.
======== Resolving module '@typescript/lib-es2017/date' from '/Users/aarnawa/personal-projects/PortfolioWebsite/my-portfolio/__lib_node_modules_lookup_lib.es2017.date.d.ts__.ts'. ========
Explicitly specified module resolution kind: 'Node10'.
Loading module '@typescript/lib-es2017/date' from 'node_modules' folder, target file types: TypeScript, Declaration.
Searching all ancestor node_modules directories for preferred extensions: TypeScript, Declaration.
Scoped package detected, looking in 'typescript__lib-es2017/date'
Directory '/Users/aarnawa/personal-projects/PortfolioWebsite/node_modules' does not exist, skipping all lookups in it.
Scoped package detected, looking in 'typescript__lib-es2017/date'
Directory '/Users/aarnawa/personal-projects/node_modules' does not exist, skipping all lookups in it.
Scoped package detected, looking in 'typescript__lib-es2017/date'
Directory '/Users/aarnawa/node_modules' does not exist, skipping all lookups in it.
Scoped package detected, looking in 'typescript__lib-es2017/date'
Directory '/Users/node_modules' does not exist, skipping all lookups in it.
Scoped package detected, looking in 'typescript__lib-es2017/date'
Directory '/node_modules' does not exist, skipping all lookups in it.
Scoped package detected, looking in 'typescript__lib-es2017/date'
Loading module '@typescript/lib-es2017/date' from 'node_modules' folder, target file types: JavaScript.
Searching all ancestor node_modules directories for fallback extensions: JavaScript.
Directory '/Users/aarnawa/personal-projects/PortfolioWebsite/node_modules' does not exist, skipping all lookups in it.
Directory '/Users/aarnawa/personal-projects/node_modules' does not exist, skipping all lookups in it.
Directory '/Users/aarnawa/node_modules' does not exist, skipping all lookups in it.
Directory '/Users/node_modules' does not exist, skipping all lookups in it.
Directory '/node_modules' does not exist, skipping all lookups in it.
======== Module name '@typescript/lib-es2017/date' was not resolved. ========
File '/Users/aarnawa/personal-projects/PortfolioWebsite/my-portfolio/node_modules/typescript/lib/package.json' does not exist according to earlier cached lookups.
File '/Users/aarnawa/personal-projects/PortfolioWebsite/my-portfolio/node_modules/typescript/package.json' exists according to earlier cached lookups.
======== Resolving module '@typescript/lib-es2017/intl' from '/Users/aarnawa/personal-projects/PortfolioWebsite/my-portfolio/__lib_node_modules_lookup_lib.es2017.intl.d.ts__.ts'. ========
Explicitly specified module resolution kind: 'Node10'.
Loading module '@typescript/lib-es2017/intl' from 'node_modules' folder, target file types: TypeScript, Declaration.
Searching all ancestor node_modules directories for preferred extensions: TypeScript, Declaration.
Scoped package detected, looking in 'typescript__lib-es2017/intl'
Directory '/Users/aarnawa/personal-projects/PortfolioWebsite/node_modules' does not exist, skipping all lookups in it.
Scoped package detected, looking in 'typescript__lib-es2017/intl'
Directory '/Users/aarnawa/personal-projects/node_modules' does not exist, skipping all lookups in it.
Scoped package detected, looking in 'typescript__lib-es2017/intl'
Directory '/Users/aarnawa/node_modules' does not exist, skipping all lookups in it.
Scoped package detected, looking in 'typescript__lib-es2017/intl'
Directory '/Users/node_modules' does not exist, skipping all lookups in it.
Scoped package detected, looking in 'typescript__lib-es2017/intl'
Directory '/node_modules' does not exist, skipping all lookups in it.
Scoped package detected, looking in 'typescript__lib-es2017/intl'
Loading module '@typescript/lib-es2017/intl' from 'node_modules' folder, target file types: JavaScript.
Searching all ancestor node_modules directories for fallback extensions: JavaScript.
Directory '/Users/aarnawa/personal-projects/PortfolioWebsite/node_modules' does not exist, skipping all lookups in it.
Directory '/Users/aarnawa/personal-projects/node_modules' does not exist, skipping all lookups in it.
Directory '/Users/aarnawa/node_modules' does not exist, skipping all lookups in it.
Directory '/Users/node_modules' does not exist, skipping all lookups in it.
Directory '/node_modules' does not exist, skipping all lookups in it.
======== Module name '@typescript/lib-es2017/intl' was not resolved. ========
File '/Users/aarnawa/personal-projects/PortfolioWebsite/my-portfolio/node_modules/typescript/lib/package.json' does not exist according to earlier cached lookups.
File '/Users/aarnawa/personal-projects/PortfolioWebsite/my-portfolio/node_modules/typescript/package.json' exists according to earlier cached lookups.
======== Resolving module '@typescript/lib-es2017/object' from '/Users/aarnawa/personal-projects/PortfolioWebsite/my-portfolio/__lib_node_modules_lookup_lib.es2017.object.d.ts__.ts'. ========
Explicitly specified module resolution kind: 'Node10'.
Loading module '@typescript/lib-es2017/object' from 'node_modules' folder, target file types: TypeScript, Declaration.
Searching all ancestor node_modules directories for preferred extensions: TypeScript, Declaration.
Scoped package detected, looking in 'typescript__lib-es2017/object'
Directory '/Users/aarnawa/personal-projects/PortfolioWebsite/node_modules' does not exist, skipping all lookups in it.
Scoped package detected, looking in 'typescript__lib-es2017/object'
Directory '/Users/aarnawa/personal-projects/node_modules' does not exist, skipping all lookups in it.
Scoped package detected, looking in 'typescript__lib-es2017/object'
Directory '/Users/aarnawa/node_modules' does not exist, skipping all lookups in it.
Scoped package detected, looking in 'typescript__lib-es2017/object'
Directory '/Users/node_modules' does not exist, skipping all lookups in it.
Scoped package detected, looking in 'typescript__lib-es2017/object'
Directory '/node_modules' does not exist, skipping all lookups in it.
Scoped package detected, looking in 'typescript__lib-es2017/object'
Loading module '@typescript/lib-es2017/object' from 'node_modules' folder, target file types: JavaScript.
Searching all ancestor node_modules directories for fallback extensions: JavaScript.
Directory '/Users/aarnawa/personal-projects/PortfolioWebsite/node_modules' does not exist, skipping all lookups in it.
Directory '/Users/aarnawa/personal-projects/node_modules' does not exist, skipping all lookups in it.
Directory '/Users/aarnawa/node_modules' does not exist, skipping all lookups in it.
Directory '/Users/node_modules' does not exist, skipping all lookups in it.
Directory '/node_modules' does not exist, skipping all lookups in it.
======== Module name '@typescript/lib-es2017/object' was not resolved. ========
File '/Users/aarnawa/personal-projects/PortfolioWebsite/my-portfolio/node_modules/typescript/lib/package.json' does not exist according to earlier cached lookups.
File '/Users/aarnawa/personal-projects/PortfolioWebsite/my-portfolio/node_modules/typescript/package.json' exists according to earlier cached lookups.
======== Resolving module '@typescript/lib-es2017/sharedmemory' from '/Users/aarnawa/personal-projects/PortfolioWebsite/my-portfolio/__lib_node_modules_lookup_lib.es2017.sharedmemory.d.ts__.ts'. ========
Explicitly specified module resolution kind: 'Node10'.
Loading module '@typescript/lib-es2017/sharedmemory' from 'node_modules' folder, target file types: TypeScript, Declaration.
Searching all ancestor node_modules directories for preferred extensions: TypeScript, Declaration.
Scoped package detected, looking in 'typescript__lib-es2017/sharedmemory'
Directory '/Users/aarnawa/personal-projects/PortfolioWebsite/node_modules' does not exist, skipping all lookups in it.
Scoped package detected, looking in 'typescript__lib-es2017/sharedmemory'
Directory '/Users/aarnawa/personal-projects/node_modules' does not exist, skipping all lookups in it.
Scoped package detected, looking in 'typescript__lib-es2017/sharedmemory'
Directory '/Users/aarnawa/node_modules' does not exist, skipping all lookups in it.
Scoped package detected, looking in 'typescript__lib-es2017/sharedmemory'
Directory '/Users/node_modules' does not exist, skipping all lookups in it.
Scoped package detected, looking in 'typescript__lib-es2017/sharedmemory'
Directory '/node_modules' does not exist, skipping all lookups in it.
Scoped package detected, looking in 'typescript__lib-es2017/sharedmemory'
Loading module '@typescript/lib-es2017/sharedmemory' from 'node_modules' folder, target file types: JavaScript.
Searching all ancestor node_modules directories for fallback extensions: JavaScript.
Directory '/Users/aarnawa/personal-projects/PortfolioWebsite/node_modules' does not exist, skipping all lookups in it.
Directory '/Users/aarnawa/personal-projects/node_modules' does not exist, skipping all lookups in it.
Directory '/Users/aarnawa/node_modules' does not exist, skipping all lookups in it.
Directory '/Users/node_modules' does not exist, skipping all lookups in it.
Directory '/node_modules' does not exist, skipping all lookups in it.
======== Module name '@typescript/lib-es2017/sharedmemory' was not resolved. ========
File '/Users/aarnawa/personal-projects/PortfolioWebsite/my-portfolio/node_modules/typescript/lib/package.json' does not exist according to earlier cached lookups.
File '/Users/aarnawa/personal-projects/PortfolioWebsite/my-portfolio/node_modules/typescript/package.json' exists according to earlier cached lookups.
======== Resolving module '@typescript/lib-es2017/string' from '/Users/aarnawa/personal-projects/PortfolioWebsite/my-portfolio/__lib_node_modules_lookup_lib.es2017.string.d.ts__.ts'. ========
Explicitly specified module resolution kind: 'Node10'.
Loading module '@typescript/lib-es2017/string' from 'node_modules' folder, target file types: TypeScript, Declaration.
Searching all ancestor node_modules directories for preferred extensions: TypeScript, Declaration.
Scoped package detected, looking in 'typescript__lib-es2017/string'
Directory '/Users/aarnawa/personal-projects/PortfolioWebsite/node_modules' does not exist, skipping all lookups in it.
Scoped package detected, looking in 'typescript__lib-es2017/string'
Directory '/Users/aarnawa/personal-projects/node_modules' does not exist, skipping all lookups in it.
Scoped package detected, looking in 'typescript__lib-es2017/string'
Directory '/Users/aarnawa/node_modules' does not exist, skipping all lookups in it.
Scoped package detected, looking in 'typescript__lib-es2017/string'
Directory '/Users/node_modules' does not exist, skipping all lookups in it.
Scoped package detected, looking in 'typescript__lib-es2017/string'
Directory '/node_modules' does not exist, skipping all lookups in it.
Scoped package detected, looking in 'typescript__lib-es2017/string'
Loading module '@typescript/lib-es2017/string' from 'node_modules' folder, target file types: JavaScript.
Searching all ancestor node_modules directories for fallback extensions: JavaScript.
Directory '/Users/aarnawa/personal-projects/PortfolioWebsite/node_modules' does not exist, skipping all lookups in it.
Directory '/Users/aarnawa/personal-projects/node_modules' does not exist, skipping all lookups in it.
Directory '/Users/aarnawa/node_modules' does not exist, skipping all lookups in it.
Directory '/Users/node_modules' does not exist, skipping all lookups in it.
Directory '/node_modules' does not exist, skipping all lookups in it.
======== Module name '@typescript/lib-es2017/string' was not resolved. ========
File '/Users/aarnawa/personal-projects/PortfolioWebsite/my-portfolio/node_modules/typescript/lib/package.json' does not exist according to earlier cached lookups.
File '/Users/aarnawa/personal-projects/PortfolioWebsite/my-portfolio/node_modules/typescript/package.json' exists according to earlier cached lookups.
======== Resolving module '@typescript/lib-es2017/typedarrays' from '/Users/aarnawa/personal-projects/PortfolioWebsite/my-portfolio/__lib_node_modules_lookup_lib.es2017.typedarrays.d.ts__.ts'. ========
Explicitly specified module resolution kind: 'Node10'.
Loading module '@typescript/lib-es2017/typedarrays' from 'node_modules' folder, target file types: TypeScript, Declaration.
Searching all ancestor node_modules directories for preferred extensions: TypeScript, Declaration.
Scoped package detected, looking in 'typescript__lib-es2017/typedarrays'
Directory '/Users/aarnawa/personal-projects/PortfolioWebsite/node_modules' does not exist, skipping all lookups in it.
Scoped package detected, looking in 'typescript__lib-es2017/typedarrays'
Directory '/Users/aarnawa/personal-projects/node_modules' does not exist, skipping all lookups in it.
Scoped package detected, looking in 'typescript__lib-es2017/typedarrays'
Directory '/Users/aarnawa/node_modules' does not exist, skipping all lookups in it.
Scoped package detected, looking in 'typescript__lib-es2017/typedarrays'
Directory '/Users/node_modules' does not exist, skipping all lookups in it.
Scoped package detected, looking in 'typescript__lib-es2017/typedarrays'
Directory '/node_modules' does not exist, skipping all lookups in it.
Scoped package detected, looking in 'typescript__lib-es2017/typedarrays'
Loading module '@typescript/lib-es2017/typedarrays' from 'node_modules' folder, target file types: JavaScript.
Searching all ancestor node_modules directories for fallback extensions: JavaScript.
Directory '/Users/aarnawa/personal-projects/PortfolioWebsite/node_modules' does not exist, skipping all lookups in it.
Directory '/Users/aarnawa/personal-projects/node_modules' does not exist, skipping all lookups in it.
Directory '/Users/aarnawa/node_modules' does not exist, skipping all lookups in it.
Directory '/Users/node_modules' does not exist, skipping all lookups in it.
Directory '/node_modules' does not exist, skipping all lookups in it.
======== Module name '@typescript/lib-es2017/typedarrays' was not resolved. ========
File '/Users/aarnawa/personal-projects/PortfolioWebsite/my-portfolio/node_modules/typescript/lib/package.json' does not exist according to earlier cached lookups.
File '/Users/aarnawa/personal-projects/PortfolioWebsite/my-portfolio/node_modules/typescript/package.json' exists according to earlier cached lookups.
======== Resolving module '@typescript/lib-es2018/asynciterable' from '/Users/aarnawa/personal-projects/PortfolioWebsite/my-portfolio/__lib_node_modules_lookup_lib.es2018.asynciterable.d.ts__.ts'. ========
Explicitly specified module resolution kind: 'Node10'.
Loading module '@typescript/lib-es2018/asynciterable' from 'node_modules' folder, target file types: TypeScript, Declaration.
Searching all ancestor node_modules directories for preferred extensions: TypeScript, Declaration.
Scoped package detected, looking in 'typescript__lib-es2018/asynciterable'
Directory '/Users/aarnawa/personal-projects/PortfolioWebsite/node_modules' does not exist, skipping all lookups in it.
Scoped package detected, looking in 'typescript__lib-es2018/asynciterable'
Directory '/Users/aarnawa/personal-projects/node_modules' does not exist, skipping all lookups in it.
Scoped package detected, looking in 'typescript__lib-es2018/asynciterable'
Directory '/Users/aarnawa/node_modules' does not exist, skipping all lookups in it.
Scoped package detected, looking in 'typescript__lib-es2018/asynciterable'
Directory '/Users/node_modules' does not exist, skipping all lookups in it.
Scoped package detected, looking in 'typescript__lib-es2018/asynciterable'
Directory '/node_modules' does not exist, skipping all lookups in it.
Scoped package detected, looking in 'typescript__lib-es2018/asynciterable'
Loading module '@typescript/lib-es2018/asynciterable' from 'node_modules' folder, target file types: JavaScript.
Searching all ancestor node_modules directories for fallback extensions: JavaScript.
Directory '/Users/aarnawa/personal-projects/PortfolioWebsite/node_modules' does not exist, skipping all lookups in it.
Directory '/Users/aarnawa/personal-projects/node_modules' does not exist, skipping all lookups in it.
Directory '/Users/aarnawa/node_modules' does not exist, skipping all lookups in it.
Directory '/Users/node_modules' does not exist, skipping all lookups in it.
Directory '/node_modules' does not exist, skipping all lookups in it.
======== Module name '@typescript/lib-es2018/asynciterable' was not resolved. ========
File '/Users/aarnawa/personal-projects/PortfolioWebsite/my-portfolio/node_modules/typescript/lib/package.json' does not exist according to earlier cached lookups.
File '/Users/aarnawa/personal-projects/PortfolioWebsite/my-portfolio/node_modules/typescript/package.json' exists according to earlier cached lookups.
======== Resolving module '@typescript/lib-es2018/asyncgenerator' from '/Users/aarnawa/personal-projects/PortfolioWebsite/my-portfolio/__lib_node_modules_lookup_lib.es2018.asyncgenerator.d.ts__.ts'. ========
Explicitly specified module resolution kind: 'Node10'.
Loading module '@typescript/lib-es2018/asyncgenerator' from 'node_modules' folder, target file types: TypeScript, Declaration.
Searching all ancestor node_modules directories for preferred extensions: TypeScript, Declaration.
Scoped package detected, looking in 'typescript__lib-es2018/asyncgenerator'
Directory '/Users/aarnawa/personal-projects/PortfolioWebsite/node_modules' does not exist, skipping all lookups in it.
Scoped package detected, looking in 'typescript__lib-es2018/asyncgenerator'
Directory '/Users/aarnawa/personal-projects/node_modules' does not exist, skipping all lookups in it.
Scoped package detected, looking in 'typescript__lib-es2018/asyncgenerator'
Directory '/Users/aarnawa/node_modules' does not exist, skipping all lookups in it.
Scoped package detected, looking in 'typescript__lib-es2018/asyncgenerator'
Directory '/Users/node_modules' does not exist, skipping all lookups in it.
Scoped package detected, looking in 'typescript__lib-es2018/asyncgenerator'
Directory '/node_modules' does not exist, skipping all lookups in it.
Scoped package detected, looking in 'typescript__lib-es2018/asyncgenerator'
Loading module '@typescript/lib-es2018/asyncgenerator' from 'node_modules' folder, target file types: JavaScript.
Searching all ancestor node_modules directories for fallback extensions: JavaScript.
Directory '/Users/aarnawa/personal-projects/PortfolioWebsite/node_modules' does not exist, skipping all lookups in it.
Directory '/Users/aarnawa/personal-projects/node_modules' does not exist, skipping all lookups in it.
Directory '/Users/aarnawa/node_modules' does not exist, skipping all lookups in it.
Directory '/Users/node_modules' does not exist, skipping all lookups in it.
Directory '/node_modules' does not exist, skipping all lookups in it.
======== Module name '@typescript/lib-es2018/asyncgenerator' was not resolved. ========
File '/Users/aarnawa/personal-projects/PortfolioWebsite/my-portfolio/node_modules/typescript/lib/package.json' does not exist according to earlier cached lookups.
File '/Users/aarnawa/personal-projects/PortfolioWebsite/my-portfolio/node_modules/typescript/package.json' exists according to earlier cached lookups.
======== Resolving module '@typescript/lib-es2018/promise' from '/Users/aarnawa/personal-projects/PortfolioWebsite/my-portfolio/__lib_node_modules_lookup_lib.es2018.promise.d.ts__.ts'. ========
Explicitly specified module resolution kind: 'Node10'.
Loading module '@typescript/lib-es2018/promise' from 'node_modules' folder, target file types: TypeScript, Declaration.
Searching all ancestor node_modules directories for preferred extensions: TypeScript, Declaration.
Scoped package detected, looking in 'typescript__lib-es2018/promise'
Directory '/Users/aarnawa/personal-projects/PortfolioWebsite/node_modules' does not exist, skipping all lookups in it.
Scoped package detected, looking in 'typescript__lib-es2018/promise'
Directory '/Users/aarnawa/personal-projects/node_modules' does not exist, skipping all lookups in it.
Scoped package detected, looking in 'typescript__lib-es2018/promise'
Directory '/Users/aarnawa/node_modules' does not exist, skipping all lookups in it.
Scoped package detected, looking in 'typescript__lib-es2018/promise'
Directory '/Users/node_modules' does not exist, skipping all lookups in it.
Scoped package detected, looking in 'typescript__lib-es2018/promise'
Directory '/node_modules' does not exist, skipping all lookups in it.
Scoped package detected, looking in 'typescript__lib-es2018/promise'
Loading module '@typescript/lib-es2018/promise' from 'node_modules' folder, target file types: JavaScript.
Searching all ancestor node_modules directories for fallback extensions: JavaScript.
Directory '/Users/aarnawa/personal-projects/PortfolioWebsite/node_modules' does not exist, skipping all lookups in it.
Directory '/Users/aarnawa/personal-projects/node_modules' does not exist, skipping all lookups in it.
Directory '/Users/aarnawa/node_modules' does not exist, skipping all lookups in it.
Directory '/Users/node_modules' does not exist, skipping all lookups in it.
Directory '/node_modules' does not exist, skipping all lookups in it.
======== Module name '@typescript/lib-es2018/promise' was not resolved. ========
File '/Users/aarnawa/personal-projects/PortfolioWebsite/my-portfolio/node_modules/typescript/lib/package.json' does not exist according to earlier cached lookups.
File '/Users/aarnawa/personal-projects/PortfolioWebsite/my-portfolio/node_modules/typescript/package.json' exists according to earlier cached lookups.
======== Resolving module '@typescript/lib-es2018/regexp' from '/Users/aarnawa/personal-projects/PortfolioWebsite/my-portfolio/__lib_node_modules_lookup_lib.es2018.regexp.d.ts__.ts'. ========
Explicitly specified module resolution kind: 'Node10'.
Loading module '@typescript/lib-es2018/regexp' from 'node_modules' folder, target file types: TypeScript, Declaration.
Searching all ancestor node_modules directories for preferred extensions: TypeScript, Declaration.
Scoped package detected, looking in 'typescript__lib-es2018/regexp'
Directory '/Users/aarnawa/personal-projects/PortfolioWebsite/node_modules' does not exist, skipping all lookups in it.
Scoped package detected, looking in 'typescript__lib-es2018/regexp'
Directory '/Users/aarnawa/personal-projects/node_modules' does not exist, skipping all lookups in it.
Scoped package detected, looking in 'typescript__lib-es2018/regexp'
Directory '/Users/aarnawa/node_modules' does not exist, skipping all lookups in it.
Scoped package detected, looking in 'typescript__lib-es2018/regexp'
Directory '/Users/node_modules' does not exist, skipping all lookups in it.
Scoped package detected, looking in 'typescript__lib-es2018/regexp'
Directory '/node_modules' does not exist, skipping all lookups in it.
Scoped package detected, looking in 'typescript__lib-es2018/regexp'
Loading module '@typescript/lib-es2018/regexp' from 'node_modules' folder, target file types: JavaScript.
Searching all ancestor node_modules directories for fallback extensions: JavaScript.
Directory '/Users/aarnawa/personal-projects/PortfolioWebsite/node_modules' does not exist, skipping all lookups in it.
Directory '/Users/aarnawa/personal-projects/node_modules' does not exist, skipping all lookups in it.
Directory '/Users/aarnawa/node_modules' does not exist, skipping all lookups in it.
Directory '/Users/node_modules' does not exist, skipping all lookups in it.
Directory '/node_modules' does not exist, skipping all lookups in it.
======== Module name '@typescript/lib-es2018/regexp' was not resolved. ========
File '/Users/aarnawa/personal-projects/PortfolioWebsite/my-portfolio/node_modules/typescript/lib/package.json' does not exist according to earlier cached lookups.
File '/Users/aarnawa/personal-projects/PortfolioWebsite/my-portfolio/node_modules/typescript/package.json' exists according to earlier cached lookups.
======== Resolving module '@typescript/lib-es2018/intl' from '/Users/aarnawa/personal-projects/PortfolioWebsite/my-portfolio/__lib_node_modules_lookup_lib.es2018.intl.d.ts__.ts'. ========
Explicitly specified module resolution kind: 'Node10'.
Loading module '@typescript/lib-es2018/intl' from 'node_modules' folder, target file types: TypeScript, Declaration.
Searching all ancestor node_modules directories for preferred extensions: TypeScript, Declaration.
Scoped package detected, looking in 'typescript__lib-es2018/intl'
Directory '/Users/aarnawa/personal-projects/PortfolioWebsite/node_modules' does not exist, skipping all lookups in it.
Scoped package detected, looking in 'typescript__lib-es2018/intl'
Directory '/Users/aarnawa/personal-projects/node_modules' does not exist, skipping all lookups in it.
Scoped package detected, looking in 'typescript__lib-es2018/intl'
Directory '/Users/aarnawa/node_modules' does not exist, skipping all lookups in it.
Scoped package detected, looking in 'typescript__lib-es2018/intl'
Directory '/Users/node_modules' does not exist, skipping all lookups in it.
Scoped package detected, looking in 'typescript__lib-es2018/intl'
Directory '/node_modules' does not exist, skipping all lookups in it.
Scoped package detected, looking in 'typescript__lib-es2018/intl'
Loading module '@typescript/lib-es2018/intl' from 'node_modules' folder, target file types: JavaScript.
Searching all ancestor node_modules directories for fallback extensions: JavaScript.
Directory '/Users/aarnawa/personal-projects/PortfolioWebsite/node_modules' does not exist, skipping all lookups in it.
Directory '/Users/aarnawa/personal-projects/node_modules' does not exist, skipping all lookups in it.
Directory '/Users/aarnawa/node_modules' does not exist, skipping all lookups in it.
Directory '/Users/node_modules' does not exist, skipping all lookups in it.
Directory '/node_modules' does not exist, skipping all lookups in it.
======== Module name '@typescript/lib-es2018/intl' was not resolved. ========
File '/Users/aarnawa/personal-projects/PortfolioWebsite/my-portfolio/node_modules/typescript/lib/package.json' does not exist according to earlier cached lookups.
File '/Users/aarnawa/personal-projects/PortfolioWebsite/my-portfolio/node_modules/typescript/package.json' exists according to earlier cached lookups.
======== Resolving module '@typescript/lib-es2019/array' from '/Users/aarnawa/personal-projects/PortfolioWebsite/my-portfolio/__lib_node_modules_lookup_lib.es2019.array.d.ts__.ts'. ========
Explicitly specified module resolution kind: 'Node10'.
Loading module '@typescript/lib-es2019/array' from 'node_modules' folder, target file types: TypeScript, Declaration.
Searching all ancestor node_modules directories for preferred extensions: TypeScript, Declaration.
Scoped package detected, looking in 'typescript__lib-es2019/array'
Directory '/Users/aarnawa/personal-projects/PortfolioWebsite/node_modules' does not exist, skipping all lookups in it.
Scoped package detected, looking in 'typescript__lib-es2019/array'
Directory '/Users/aarnawa/personal-projects/node_modules' does not exist, skipping all lookups in it.
Scoped package detected, looking in 'typescript__lib-es2019/array'
Directory '/Users/aarnawa/node_modules' does not exist, skipping all lookups in it.
Scoped package detected, looking in 'typescript__lib-es2019/array'
Directory '/Users/node_modules' does not exist, skipping all lookups in it.
Scoped package detected, looking in 'typescript__lib-es2019/array'
Directory '/node_modules' does not exist, skipping all lookups in it.
Scoped package detected, looking in 'typescript__lib-es2019/array'
Loading module '@typescript/lib-es2019/array' from 'node_modules' folder, target file types: JavaScript.
Searching all ancestor node_modules directories for fallback extensions: JavaScript.
Directory '/Users/aarnawa/personal-projects/PortfolioWebsite/node_modules' does not exist, skipping all lookups in it.
Directory '/Users/aarnawa/personal-projects/node_modules' does not exist, skipping all lookups in it.
Directory '/Users/aarnawa/node_modules' does not exist, skipping all lookups in it.
Directory '/Users/node_modules' does not exist, skipping all lookups in it.
Directory '/node_modules' does not exist, skipping all lookups in it.
======== Module name '@typescript/lib-es2019/array' was not resolved. ========
File '/Users/aarnawa/personal-projects/PortfolioWebsite/my-portfolio/node_modules/typescript/lib/package.json' does not exist according to earlier cached lookups.
File '/Users/aarnawa/personal-projects/PortfolioWebsite/my-portfolio/node_modules/typescript/package.json' exists according to earlier cached lookups.
======== Resolving module '@typescript/lib-es2019/object' from '/Users/aarnawa/personal-projects/PortfolioWebsite/my-portfolio/__lib_node_modules_lookup_lib.es2019.object.d.ts__.ts'. ========
Explicitly specified module resolution kind: 'Node10'.
Loading module '@typescript/lib-es2019/object' from 'node_modules' folder, target file types: TypeScript, Declaration.
Searching all ancestor node_modules directories for preferred extensions: TypeScript, Declaration.
Scoped package detected, looking in 'typescript__lib-es2019/object'
Directory '/Users/aarnawa/personal-projects/PortfolioWebsite/node_modules' does not exist, skipping all lookups in it.
Scoped package detected, looking in 'typescript__lib-es2019/object'
Directory '/Users/aarnawa/personal-projects/node_modules' does not exist, skipping all lookups in it.
Scoped package detected, looking in 'typescript__lib-es2019/object'
Directory '/Users/aarnawa/node_modules' does not exist, skipping all lookups in it.
Scoped package detected, looking in 'typescript__lib-es2019/object'
Directory '/Users/node_modules' does not exist, skipping all lookups in it.
Scoped package detected, looking in 'typescript__lib-es2019/object'
Directory '/node_modules' does not exist, skipping all lookups in it.
Scoped package detected, looking in 'typescript__lib-es2019/object'
Loading module '@typescript/lib-es2019/object' from 'node_modules' folder, target file types: JavaScript.
Searching all ancestor node_modules directories for fallback extensions: JavaScript.
Directory '/Users/aarnawa/personal-projects/PortfolioWebsite/node_modules' does not exist, skipping all lookups in it.
Directory '/Users/aarnawa/personal-projects/node_modules' does not exist, skipping all lookups in it.
Directory '/Users/aarnawa/node_modules' does not exist, skipping all lookups in it.
Directory '/Users/node_modules' does not exist, skipping all lookups in it.
Directory '/node_modules' does not exist, skipping all lookups in it.
======== Module name '@typescript/lib-es2019/object' was not resolved. ========
File '/Users/aarnawa/personal-projects/PortfolioWebsite/my-portfolio/node_modules/typescript/lib/package.json' does not exist according to earlier cached lookups.
File '/Users/aarnawa/personal-projects/PortfolioWebsite/my-portfolio/node_modules/typescript/package.json' exists according to earlier cached lookups.
======== Resolving module '@typescript/lib-es2019/string' from '/Users/aarnawa/personal-projects/PortfolioWebsite/my-portfolio/__lib_node_modules_lookup_lib.es2019.string.d.ts__.ts'. ========
Explicitly specified module resolution kind: 'Node10'.
Loading module '@typescript/lib-es2019/string' from 'node_modules' folder, target file types: TypeScript, Declaration.
Searching all ancestor node_modules directories for preferred extensions: TypeScript, Declaration.
Scoped package detected, looking in 'typescript__lib-es2019/string'
Directory '/Users/aarnawa/personal-projects/PortfolioWebsite/node_modules' does not exist, skipping all lookups in it.
Scoped package detected, looking in 'typescript__lib-es2019/string'
Directory '/Users/aarnawa/personal-projects/node_modules' does not exist, skipping all lookups in it.
Scoped package detected, looking in 'typescript__lib-es2019/string'
Directory '/Users/aarnawa/node_modules' does not exist, skipping all lookups in it.
Scoped package detected, looking in 'typescript__lib-es2019/string'
Directory '/Users/node_modules' does not exist, skipping all lookups in it.
Scoped package detected, looking in 'typescript__lib-es2019/string'
Directory '/node_modules' does not exist, skipping all lookups in it.
Scoped package detected, looking in 'typescript__lib-es2019/string'
Loading module '@typescript/lib-es2019/string' from 'node_modules' folder, target file types: JavaScript.
Searching all ancestor node_modules directories for fallback extensions: JavaScript.
Directory '/Users/aarnawa/personal-projects/PortfolioWebsite/node_modules' does not exist, skipping all lookups in it.
Directory '/Users/aarnawa/personal-projects/node_modules' does not exist, skipping all lookups in it.
Directory '/Users/aarnawa/node_modules' does not exist, skipping all lookups in it.
Directory '/Users/node_modules' does not exist, skipping all lookups in it.
Directory '/node_modules' does not exist, skipping all lookups in it.
======== Module name '@typescript/lib-es2019/string' was not resolved. ========
File '/Users/aarnawa/personal-projects/PortfolioWebsite/my-portfolio/node_modules/typescript/lib/package.json' does not exist according to earlier cached lookups.
File '/Users/aarnawa/personal-projects/PortfolioWebsite/my-portfolio/node_modules/typescript/package.json' exists according to earlier cached lookups.
======== Resolving module '@typescript/lib-es2019/symbol' from '/Users/aarnawa/personal-projects/PortfolioWebsite/my-portfolio/__lib_node_modules_lookup_lib.es2019.symbol.d.ts__.ts'. ========
Explicitly specified module resolution kind: 'Node10'.
Loading module '@typescript/lib-es2019/symbol' from 'node_modules' folder, target file types: TypeScript, Declaration.
Searching all ancestor node_modules directories for preferred extensions: TypeScript, Declaration.
Scoped package detected, looking in 'typescript__lib-es2019/symbol'
Directory '/Users/aarnawa/personal-projects/PortfolioWebsite/node_modules' does not exist, skipping all lookups in it.
Scoped package detected, looking in 'typescript__lib-es2019/symbol'
Directory '/Users/aarnawa/personal-projects/node_modules' does not exist, skipping all lookups in it.
Scoped package detected, looking in 'typescript__lib-es2019/symbol'
Directory '/Users/aarnawa/node_modules' does not exist, skipping all lookups in it.
Scoped package detected, looking in 'typescript__lib-es2019/symbol'
Directory '/Users/node_modules' does not exist, skipping all lookups in it.
Scoped package detected, looking in 'typescript__lib-es2019/symbol'
Directory '/node_modules' does not exist, skipping all lookups in it.
Scoped package detected, looking in 'typescript__lib-es2019/symbol'
Loading module '@typescript/lib-es2019/symbol' from 'node_modules' folder, target file types: JavaScript.
Searching all ancestor node_modules directories for fallback extensions: JavaScript.
Directory '/Users/aarnawa/personal-projects/PortfolioWebsite/node_modules' does not exist, skipping all lookups in it.
Directory '/Users/aarnawa/personal-projects/node_modules' does not exist, skipping all lookups in it.
Directory '/Users/aarnawa/node_modules' does not exist, skipping all lookups in it.
Directory '/Users/node_modules' does not exist, skipping all lookups in it.
Directory '/node_modules' does not exist, skipping all lookups in it.
======== Module name '@typescript/lib-es2019/symbol' was not resolved. ========
File '/Users/aarnawa/personal-projects/PortfolioWebsite/my-portfolio/node_modules/typescript/lib/package.json' does not exist according to earlier cached lookups.
File '/Users/aarnawa/personal-projects/PortfolioWebsite/my-portfolio/node_modules/typescript/package.json' exists according to earlier cached lookups.
======== Resolving module '@typescript/lib-es2019/intl' from '/Users/aarnawa/personal-projects/PortfolioWebsite/my-portfolio/__lib_node_modules_lookup_lib.es2019.intl.d.ts__.ts'. ========
Explicitly specified module resolution kind: 'Node10'.
Loading module '@typescript/lib-es2019/intl' from 'node_modules' folder, target file types: TypeScript, Declaration.
Searching all ancestor node_modules directories for preferred extensions: TypeScript, Declaration.
Scoped package detected, looking in 'typescript__lib-es2019/intl'
Directory '/Users/aarnawa/personal-projects/PortfolioWebsite/node_modules' does not exist, skipping all lookups in it.
Scoped package detected, looking in 'typescript__lib-es2019/intl'
Directory '/Users/aarnawa/personal-projects/node_modules' does not exist, skipping all lookups in it.
Scoped package detected, looking in 'typescript__lib-es2019/intl'
Directory '/Users/aarnawa/node_modules' does not exist, skipping all lookups in it.
Scoped package detected, looking in 'typescript__lib-es2019/intl'
Directory '/Users/node_modules' does not exist, skipping all lookups in it.
Scoped package detected, looking in 'typescript__lib-es2019/intl'
Directory '/node_modules' does not exist, skipping all lookups in it.
Scoped package detected, looking in 'typescript__lib-es2019/intl'
Loading module '@typescript/lib-es2019/intl' from 'node_modules' folder, target file types: JavaScript.
Searching all ancestor node_modules directories for fallback extensions: JavaScript.
Directory '/Users/aarnawa/personal-projects/PortfolioWebsite/node_modules' does not exist, skipping all lookups in it.
Directory '/Users/aarnawa/personal-projects/node_modules' does not exist, skipping all lookups in it.
Directory '/Users/aarnawa/node_modules' does not exist, skipping all lookups in it.
Directory '/Users/node_modules' does not exist, skipping all lookups in it.
Directory '/node_modules' does not exist, skipping all lookups in it.
======== Module name '@typescript/lib-es2019/intl' was not resolved. ========
File '/Users/aarnawa/personal-projects/PortfolioWebsite/my-portfolio/node_modules/typescript/lib/package.json' does not exist according to earlier cached lookups.
File '/Users/aarnawa/personal-projects/PortfolioWebsite/my-portfolio/node_modules/typescript/package.json' exists according to earlier cached lookups.
======== Resolving module '@typescript/lib-es2020/bigint' from '/Users/aarnawa/personal-projects/PortfolioWebsite/my-portfolio/__lib_node_modules_lookup_lib.es2020.bigint.d.ts__.ts'. ========
Explicitly specified module resolution kind: 'Node10'.
Loading module '@typescript/lib-es2020/bigint' from 'node_modules' folder, target file types: TypeScript, Declaration.
Searching all ancestor node_modules directories for preferred extensions: TypeScript, Declaration.
Scoped package detected, looking in 'typescript__lib-es2020/bigint'
Directory '/Users/aarnawa/personal-projects/PortfolioWebsite/node_modules' does not exist, skipping all lookups in it.
Scoped package detected, looking in 'typescript__lib-es2020/bigint'
Directory '/Users/aarnawa/personal-projects/node_modules' does not exist, skipping all lookups in it.
Scoped package detected, looking in 'typescript__lib-es2020/bigint'
Directory '/Users/aarnawa/node_modules' does not exist, skipping all lookups in it.
Scoped package detected, looking in 'typescript__lib-es2020/bigint'
Directory '/Users/node_modules' does not exist, skipping all lookups in it.
Scoped package detected, looking in 'typescript__lib-es2020/bigint'
Directory '/node_modules' does not exist, skipping all lookups in it.
Scoped package detected, looking in 'typescript__lib-es2020/bigint'
Loading module '@typescript/lib-es2020/bigint' from 'node_modules' folder, target file types: JavaScript.
Searching all ancestor node_modules directories for fallback extensions: JavaScript.
Directory '/Users/aarnawa/personal-projects/PortfolioWebsite/node_modules' does not exist, skipping all lookups in it.
Directory '/Users/aarnawa/personal-projects/node_modules' does not exist, skipping all lookups in it.
Directory '/Users/aarnawa/node_modules' does not exist, skipping all lookups in it.
Directory '/Users/node_modules' does not exist, skipping all lookups in it.
Directory '/node_modules' does not exist, skipping all lookups in it.
======== Module name '@typescript/lib-es2020/bigint' was not resolved. ========
File '/Users/aarnawa/personal-projects/PortfolioWebsite/my-portfolio/node_modules/typescript/lib/package.json' does not exist according to earlier cached lookups.
File '/Users/aarnawa/personal-projects/PortfolioWebsite/my-portfolio/node_modules/typescript/package.json' exists according to earlier cached lookups.
======== Resolving module '@typescript/lib-es2020/intl' from '/Users/aarnawa/personal-projects/PortfolioWebsite/my-portfolio/__lib_node_modules_lookup_lib.es2020.intl.d.ts__.ts'. ========
Explicitly specified module resolution kind: 'Node10'.
Loading module '@typescript/lib-es2020/intl' from 'node_modules' folder, target file types: TypeScript, Declaration.
Searching all ancestor node_modules directories for preferred extensions: TypeScript, Declaration.
Scoped package detected, looking in 'typescript__lib-es2020/intl'
Directory '/Users/aarnawa/personal-projects/PortfolioWebsite/node_modules' does not exist, skipping all lookups in it.
Scoped package detected, looking in 'typescript__lib-es2020/intl'
Directory '/Users/aarnawa/personal-projects/node_modules' does not exist, skipping all lookups in it.
Scoped package detected, looking in 'typescript__lib-es2020/intl'
Directory '/Users/aarnawa/node_modules' does not exist, skipping all lookups in it.
Scoped package detected, looking in 'typescript__lib-es2020/intl'
Directory '/Users/node_modules' does not exist, skipping all lookups in it.
Scoped package detected, looking in 'typescript__lib-es2020/intl'
Directory '/node_modules' does not exist, skipping all lookups in it.
Scoped package detected, looking in 'typescript__lib-es2020/intl'
Loading module '@typescript/lib-es2020/intl' from 'node_modules' folder, target file types: JavaScript.
Searching all ancestor node_modules directories for fallback extensions: JavaScript.
Directory '/Users/aarnawa/personal-projects/PortfolioWebsite/node_modules' does not exist, skipping all lookups in it.
Directory '/Users/aarnawa/personal-projects/node_modules' does not exist, skipping all lookups in it.
Directory '/Users/aarnawa/node_modules' does not exist, skipping all lookups in it.
Directory '/Users/node_modules' does not exist, skipping all lookups in it.
Directory '/node_modules' does not exist, skipping all lookups in it.
======== Module name '@typescript/lib-es2020/intl' was not resolved. ========
File '/Users/aarnawa/personal-projects/PortfolioWebsite/my-portfolio/node_modules/typescript/lib/package.json' does not exist according to earlier cached lookups.
File '/Users/aarnawa/personal-projects/PortfolioWebsite/my-portfolio/node_modules/typescript/package.json' exists according to earlier cached lookups.
======== Resolving module '@typescript/lib-es2020/date' from '/Users/aarnawa/personal-projects/PortfolioWebsite/my-portfolio/__lib_node_modules_lookup_lib.es2020.date.d.ts__.ts'. ========
Explicitly specified module resolution kind: 'Node10'.
Loading module '@typescript/lib-es2020/date' from 'node_modules' folder, target file types: TypeScript, Declaration.
Searching all ancestor node_modules directories for preferred extensions: TypeScript, Declaration.
Scoped package detected, looking in 'typescript__lib-es2020/date'
Directory '/Users/aarnawa/personal-projects/PortfolioWebsite/node_modules' does not exist, skipping all lookups in it.
Scoped package detected, looking in 'typescript__lib-es2020/date'
Directory '/Users/aarnawa/personal-projects/node_modules' does not exist, skipping all lookups in it.
Scoped package detected, looking in 'typescript__lib-es2020/date'
Directory '/Users/aarnawa/node_modules' does not exist, skipping all lookups in it.
Scoped package detected, looking in 'typescript__lib-es2020/date'
Directory '/Users/node_modules' does not exist, skipping all lookups in it.
Scoped package detected, looking in 'typescript__lib-es2020/date'
Directory '/node_modules' does not exist, skipping all lookups in it.
Scoped package detected, looking in 'typescript__lib-es2020/date'
Loading module '@typescript/lib-es2020/date' from 'node_modules' folder, target file types: JavaScript.
Searching all ancestor node_modules directories for fallback extensions: JavaScript.
Directory '/Users/aarnawa/personal-projects/PortfolioWebsite/node_modules' does not exist, skipping all lookups in it.
Directory '/Users/aarnawa/personal-projects/node_modules' does not exist, skipping all lookups in it.
Directory '/Users/aarnawa/node_modules' does not exist, skipping all lookups in it.
Directory '/Users/node_modules' does not exist, skipping all lookups in it.
Directory '/node_modules' does not exist, skipping all lookups in it.
======== Module name '@typescript/lib-es2020/date' was not resolved. ========
File '/Users/aarnawa/personal-projects/PortfolioWebsite/my-portfolio/node_modules/typescript/lib/package.json' does not exist according to earlier cached lookups.
File '/Users/aarnawa/personal-projects/PortfolioWebsite/my-portfolio/node_modules/typescript/package.json' exists according to earlier cached lookups.
======== Resolving module '@typescript/lib-es2020/number' from '/Users/aarnawa/personal-projects/PortfolioWebsite/my-portfolio/__lib_node_modules_lookup_lib.es2020.number.d.ts__.ts'. ========
Explicitly specified module resolution kind: 'Node10'.
Loading module '@typescript/lib-es2020/number' from 'node_modules' folder, target file types: TypeScript, Declaration.
Searching all ancestor node_modules directories for preferred extensions: TypeScript, Declaration.
Scoped package detected, looking in 'typescript__lib-es2020/number'
Directory '/Users/aarnawa/personal-projects/PortfolioWebsite/node_modules' does not exist, skipping all lookups in it.
Scoped package detected, looking in 'typescript__lib-es2020/number'
Directory '/Users/aarnawa/personal-projects/node_modules' does not exist, skipping all lookups in it.
Scoped package detected, looking in 'typescript__lib-es2020/number'
Directory '/Users/aarnawa/node_modules' does not exist, skipping all lookups in it.
Scoped package detected, looking in 'typescript__lib-es2020/number'
Directory '/Users/node_modules' does not exist, skipping all lookups in it.
Scoped package detected, looking in 'typescript__lib-es2020/number'
Directory '/node_modules' does not exist, skipping all lookups in it.
Scoped package detected, looking in 'typescript__lib-es2020/number'
Loading module '@typescript/lib-es2020/number' from 'node_modules' folder, target file types: JavaScript.
Searching all ancestor node_modules directories for fallback extensions: JavaScript.
Directory '/Users/aarnawa/personal-projects/PortfolioWebsite/node_modules' does not exist, skipping all lookups in it.
Directory '/Users/aarnawa/personal-projects/node_modules' does not exist, skipping all lookups in it.
Directory '/Users/aarnawa/node_modules' does not exist, skipping all lookups in it.
Directory '/Users/node_modules' does not exist, skipping all lookups in it.
Directory '/node_modules' does not exist, skipping all lookups in it.
======== Module name '@typescript/lib-es2020/number' was not resolved. ========
File '/Users/aarnawa/personal-projects/PortfolioWebsite/my-portfolio/node_modules/typescript/lib/package.json' does not exist according to earlier cached lookups.
File '/Users/aarnawa/personal-projects/PortfolioWebsite/my-portfolio/node_modules/typescript/package.json' exists according to earlier cached lookups.
======== Resolving module '@typescript/lib-es2020/promise' from '/Users/aarnawa/personal-projects/PortfolioWebsite/my-portfolio/__lib_node_modules_lookup_lib.es2020.promise.d.ts__.ts'. ========
Explicitly specified module resolution kind: 'Node10'.
Loading module '@typescript/lib-es2020/promise' from 'node_modules' folder, target file types: TypeScript, Declaration.
Searching all ancestor node_modules directories for preferred extensions: TypeScript, Declaration.
Scoped package detected, looking in 'typescript__lib-es2020/promise'
Directory '/Users/aarnawa/personal-projects/PortfolioWebsite/node_modules' does not exist, skipping all lookups in it.
Scoped package detected, looking in 'typescript__lib-es2020/promise'
Directory '/Users/aarnawa/personal-projects/node_modules' does not exist, skipping all lookups in it.
Scoped package detected, looking in 'typescript__lib-es2020/promise'
Directory '/Users/aarnawa/node_modules' does not exist, skipping all lookups in it.
Scoped package detected, looking in 'typescript__lib-es2020/promise'
Directory '/Users/node_modules' does not exist, skipping all lookups in it.
Scoped package detected, looking in 'typescript__lib-es2020/promise'
Directory '/node_modules' does not exist, skipping all lookups in it.
Scoped package detected, looking in 'typescript__lib-es2020/promise'
Loading module '@typescript/lib-es2020/promise' from 'node_modules' folder, target file types: JavaScript.
Searching all ancestor node_modules directories for fallback extensions: JavaScript.
Directory '/Users/aarnawa/personal-projects/PortfolioWebsite/node_modules' does not exist, skipping all lookups in it.
Directory '/Users/aarnawa/personal-projects/node_modules' does not exist, skipping all lookups in it.
Directory '/Users/aarnawa/node_modules' does not exist, skipping all lookups in it.
Directory '/Users/node_modules' does not exist, skipping all lookups in it.
Directory '/node_modules' does not exist, skipping all lookups in it.
======== Module name '@typescript/lib-es2020/promise' was not resolved. ========
File '/Users/aarnawa/personal-projects/PortfolioWebsite/my-portfolio/node_modules/typescript/lib/package.json' does not exist according to earlier cached lookups.
File '/Users/aarnawa/personal-projects/PortfolioWebsite/my-portfolio/node_modules/typescript/package.json' exists according to earlier cached lookups.
======== Resolving module '@typescript/lib-es2020/sharedmemory' from '/Users/aarnawa/personal-projects/PortfolioWebsite/my-portfolio/__lib_node_modules_lookup_lib.es2020.sharedmemory.d.ts__.ts'. ========
Explicitly specified module resolution kind: 'Node10'.
Loading module '@typescript/lib-es2020/sharedmemory' from 'node_modules' folder, target file types: TypeScript, Declaration.
Searching all ancestor node_modules directories for preferred extensions: TypeScript, Declaration.
Scoped package detected, looking in 'typescript__lib-es2020/sharedmemory'
Directory '/Users/aarnawa/personal-projects/PortfolioWebsite/node_modules' does not exist, skipping all lookups in it.
Scoped package detected, looking in 'typescript__lib-es2020/sharedmemory'
Directory '/Users/aarnawa/personal-projects/node_modules' does not exist, skipping all lookups in it.
Scoped package detected, looking in 'typescript__lib-es2020/sharedmemory'
Directory '/Users/aarnawa/node_modules' does not exist, skipping all lookups in it.
Scoped package detected, looking in 'typescript__lib-es2020/sharedmemory'
Directory '/Users/node_modules' does not exist, skipping all lookups in it.
Scoped package detected, looking in 'typescript__lib-es2020/sharedmemory'
Directory '/node_modules' does not exist, skipping all lookups in it.
Scoped package detected, looking in 'typescript__lib-es2020/sharedmemory'
Loading module '@typescript/lib-es2020/sharedmemory' from 'node_modules' folder, target file types: JavaScript.
Searching all ancestor node_modules directories for fallback extensions: JavaScript.
Directory '/Users/aarnawa/personal-projects/PortfolioWebsite/node_modules' does not exist, skipping all lookups in it.
Directory '/Users/aarnawa/personal-projects/node_modules' does not exist, skipping all lookups in it.
Directory '/Users/aarnawa/node_modules' does not exist, skipping all lookups in it.
Directory '/Users/node_modules' does not exist, skipping all lookups in it.
Directory '/node_modules' does not exist, skipping all lookups in it.
======== Module name '@typescript/lib-es2020/sharedmemory' was not resolved. ========
File '/Users/aarnawa/personal-projects/PortfolioWebsite/my-portfolio/node_modules/typescript/lib/package.json' does not exist according to earlier cached lookups.
File '/Users/aarnawa/personal-projects/PortfolioWebsite/my-portfolio/node_modules/typescript/package.json' exists according to earlier cached lookups.
======== Resolving module '@typescript/lib-es2020/string' from '/Users/aarnawa/personal-projects/PortfolioWebsite/my-portfolio/__lib_node_modules_lookup_lib.es2020.string.d.ts__.ts'. ========
Explicitly specified module resolution kind: 'Node10'.
Loading module '@typescript/lib-es2020/string' from 'node_modules' folder, target file types: TypeScript, Declaration.
Searching all ancestor node_modules directories for preferred extensions: TypeScript, Declaration.
Scoped package detected, looking in 'typescript__lib-es2020/string'
Directory '/Users/aarnawa/personal-projects/PortfolioWebsite/node_modules' does not exist, skipping all lookups in it.
Scoped package detected, looking in 'typescript__lib-es2020/string'
Directory '/Users/aarnawa/personal-projects/node_modules' does not exist, skipping all lookups in it.
Scoped package detected, looking in 'typescript__lib-es2020/string'
Directory '/Users/aarnawa/node_modules' does not exist, skipping all lookups in it.
Scoped package detected, looking in 'typescript__lib-es2020/string'
Directory '/Users/node_modules' does not exist, skipping all lookups in it.
Scoped package detected, looking in 'typescript__lib-es2020/string'
Directory '/node_modules' does not exist, skipping all lookups in it.
Scoped package detected, looking in 'typescript__lib-es2020/string'
Loading module '@typescript/lib-es2020/string' from 'node_modules' folder, target file types: JavaScript.
Searching all ancestor node_modules directories for fallback extensions: JavaScript.
Directory '/Users/aarnawa/personal-projects/PortfolioWebsite/node_modules' does not exist, skipping all lookups in it.
Directory '/Users/aarnawa/personal-projects/node_modules' does not exist, skipping all lookups in it.
Directory '/Users/aarnawa/node_modules' does not exist, skipping all lookups in it.
Directory '/Users/node_modules' does not exist, skipping all lookups in it.
Directory '/node_modules' does not exist, skipping all lookups in it.
======== Module name '@typescript/lib-es2020/string' was not resolved. ========
File '/Users/aarnawa/personal-projects/PortfolioWebsite/my-portfolio/node_modules/typescript/lib/package.json' does not exist according to earlier cached lookups.
File '/Users/aarnawa/personal-projects/PortfolioWebsite/my-portfolio/node_modules/typescript/package.json' exists according to earlier cached lookups.
======== Resolving module '@typescript/lib-es2020/symbol-wellknown' from '/Users/aarnawa/personal-projects/PortfolioWebsite/my-portfolio/__lib_node_modules_lookup_lib.es2020.symbol.wellknown.d.ts__.ts'. ========
Explicitly specified module resolution kind: 'Node10'.
Loading module '@typescript/lib-es2020/symbol-wellknown' from 'node_modules' folder, target file types: TypeScript, Declaration.
Searching all ancestor node_modules directories for preferred extensions: TypeScript, Declaration.
Scoped package detected, looking in 'typescript__lib-es2020/symbol-wellknown'
Directory '/Users/aarnawa/personal-projects/PortfolioWebsite/node_modules' does not exist, skipping all lookups in it.
Scoped package detected, looking in 'typescript__lib-es2020/symbol-wellknown'
Directory '/Users/aarnawa/personal-projects/node_modules' does not exist, skipping all lookups in it.
Scoped package detected, looking in 'typescript__lib-es2020/symbol-wellknown'
Directory '/Users/aarnawa/node_modules' does not exist, skipping all lookups in it.
Scoped package detected, looking in 'typescript__lib-es2020/symbol-wellknown'
Directory '/Users/node_modules' does not exist, skipping all lookups in it.
Scoped package detected, looking in 'typescript__lib-es2020/symbol-wellknown'
Directory '/node_modules' does not exist, skipping all lookups in it.
Scoped package detected, looking in 'typescript__lib-es2020/symbol-wellknown'
Loading module '@typescript/lib-es2020/symbol-wellknown' from 'node_modules' folder, target file types: JavaScript.
Searching all ancestor node_modules directories for fallback extensions: JavaScript.
Directory '/Users/aarnawa/personal-projects/PortfolioWebsite/node_modules' does not exist, skipping all lookups in it.
Directory '/Users/aarnawa/personal-projects/node_modules' does not exist, skipping all lookups in it.
Directory '/Users/aarnawa/node_modules' does not exist, skipping all lookups in it.
Directory '/Users/node_modules' does not exist, skipping all lookups in it.
Directory '/node_modules' does not exist, skipping all lookups in it.
======== Module name '@typescript/lib-es2020/symbol-wellknown' was not resolved. ========
File '/Users/aarnawa/personal-projects/PortfolioWebsite/my-portfolio/node_modules/typescript/lib/package.json' does not exist according to earlier cached lookups.
File '/Users/aarnawa/personal-projects/PortfolioWebsite/my-portfolio/node_modules/typescript/package.json' exists according to earlier cached lookups.
======== Resolving module '@typescript/lib-es2021/promise' from '/Users/aarnawa/personal-projects/PortfolioWebsite/my-portfolio/__lib_node_modules_lookup_lib.es2021.promise.d.ts__.ts'. ========
Explicitly specified module resolution kind: 'Node10'.
Loading module '@typescript/lib-es2021/promise' from 'node_modules' folder, target file types: TypeScript, Declaration.
Searching all ancestor node_modules directories for preferred extensions: TypeScript, Declaration.
Scoped package detected, looking in 'typescript__lib-es2021/promise'
Directory '/Users/aarnawa/personal-projects/PortfolioWebsite/node_modules' does not exist, skipping all lookups in it.
Scoped package detected, looking in 'typescript__lib-es2021/promise'
Directory '/Users/aarnawa/personal-projects/node_modules' does not exist, skipping all lookups in it.
Scoped package detected, looking in 'typescript__lib-es2021/promise'
Directory '/Users/aarnawa/node_modules' does not exist, skipping all lookups in it.
Scoped package detected, looking in 'typescript__lib-es2021/promise'
Directory '/Users/node_modules' does not exist, skipping all lookups in it.
Scoped package detected, looking in 'typescript__lib-es2021/promise'
Directory '/node_modules' does not exist, skipping all lookups in it.
Scoped package detected, looking in 'typescript__lib-es2021/promise'
Loading module '@typescript/lib-es2021/promise' from 'node_modules' folder, target file types: JavaScript.
Searching all ancestor node_modules directories for fallback extensions: JavaScript.
Directory '/Users/aarnawa/personal-projects/PortfolioWebsite/node_modules' does not exist, skipping all lookups in it.
Directory '/Users/aarnawa/personal-projects/node_modules' does not exist, skipping all lookups in it.
Directory '/Users/aarnawa/node_modules' does not exist, skipping all lookups in it.
Directory '/Users/node_modules' does not exist, skipping all lookups in it.
Directory '/node_modules' does not exist, skipping all lookups in it.
======== Module name '@typescript/lib-es2021/promise' was not resolved. ========
File '/Users/aarnawa/personal-projects/PortfolioWebsite/my-portfolio/node_modules/typescript/lib/package.json' does not exist according to earlier cached lookups.
File '/Users/aarnawa/personal-projects/PortfolioWebsite/my-portfolio/node_modules/typescript/package.json' exists according to earlier cached lookups.
======== Resolving module '@typescript/lib-es2021/string' from '/Users/aarnawa/personal-projects/PortfolioWebsite/my-portfolio/__lib_node_modules_lookup_lib.es2021.string.d.ts__.ts'. ========
Explicitly specified module resolution kind: 'Node10'.
Loading module '@typescript/lib-es2021/string' from 'node_modules' folder, target file types: TypeScript, Declaration.
Searching all ancestor node_modules directories for preferred extensions: TypeScript, Declaration.
Scoped package detected, looking in 'typescript__lib-es2021/string'
Directory '/Users/aarnawa/personal-projects/PortfolioWebsite/node_modules' does not exist, skipping all lookups in it.
Scoped package detected, looking in 'typescript__lib-es2021/string'
Directory '/Users/aarnawa/personal-projects/node_modules' does not exist, skipping all lookups in it.
Scoped package detected, looking in 'typescript__lib-es2021/string'
Directory '/Users/aarnawa/node_modules' does not exist, skipping all lookups in it.
Scoped package detected, looking in 'typescript__lib-es2021/string'
Directory '/Users/node_modules' does not exist, skipping all lookups in it.
Scoped package detected, looking in 'typescript__lib-es2021/string'
Directory '/node_modules' does not exist, skipping all lookups in it.
Scoped package detected, looking in 'typescript__lib-es2021/string'
Loading module '@typescript/lib-es2021/string' from 'node_modules' folder, target file types: JavaScript.
Searching all ancestor node_modules directories for fallback extensions: JavaScript.
Directory '/Users/aarnawa/personal-projects/PortfolioWebsite/node_modules' does not exist, skipping all lookups in it.
Directory '/Users/aarnawa/personal-projects/node_modules' does not exist, skipping all lookups in it.
Directory '/Users/aarnawa/node_modules' does not exist, skipping all lookups in it.
Directory '/Users/node_modules' does not exist, skipping all lookups in it.
Directory '/node_modules' does not exist, skipping all lookups in it.
======== Module name '@typescript/lib-es2021/string' was not resolved. ========
File '/Users/aarnawa/personal-projects/PortfolioWebsite/my-portfolio/node_modules/typescript/lib/package.json' does not exist according to earlier cached lookups.
File '/Users/aarnawa/personal-projects/PortfolioWebsite/my-portfolio/node_modules/typescript/package.json' exists according to earlier cached lookups.
======== Resolving module '@typescript/lib-es2021/weakref' from '/Users/aarnawa/personal-projects/PortfolioWebsite/my-portfolio/__lib_node_modules_lookup_lib.es2021.weakref.d.ts__.ts'. ========
Explicitly specified module resolution kind: 'Node10'.
Loading module '@typescript/lib-es2021/weakref' from 'node_modules' folder, target file types: TypeScript, Declaration.
Searching all ancestor node_modules directories for preferred extensions: TypeScript, Declaration.
Scoped package detected, looking in 'typescript__lib-es2021/weakref'
Directory '/Users/aarnawa/personal-projects/PortfolioWebsite/node_modules' does not exist, skipping all lookups in it.
Scoped package detected, looking in 'typescript__lib-es2021/weakref'
Directory '/Users/aarnawa/personal-projects/node_modules' does not exist, skipping all lookups in it.
Scoped package detected, looking in 'typescript__lib-es2021/weakref'
Directory '/Users/aarnawa/node_modules' does not exist, skipping all lookups in it.
Scoped package detected, looking in 'typescript__lib-es2021/weakref'
Directory '/Users/node_modules' does not exist, skipping all lookups in it.
Scoped package detected, looking in 'typescript__lib-es2021/weakref'
Directory '/node_modules' does not exist, skipping all lookups in it.
Scoped package detected, looking in 'typescript__lib-es2021/weakref'
Loading module '@typescript/lib-es2021/weakref' from 'node_modules' folder, target file types: JavaScript.
Searching all ancestor node_modules directories for fallback extensions: JavaScript.
Directory '/Users/aarnawa/personal-projects/PortfolioWebsite/node_modules' does not exist, skipping all lookups in it.
Directory '/Users/aarnawa/personal-projects/node_modules' does not exist, skipping all lookups in it.
Directory '/Users/aarnawa/node_modules' does not exist, skipping all lookups in it.
Directory '/Users/node_modules' does not exist, skipping all lookups in it.
Directory '/node_modules' does not exist, skipping all lookups in it.
======== Module name '@typescript/lib-es2021/weakref' was not resolved. ========
File '/Users/aarnawa/personal-projects/PortfolioWebsite/my-portfolio/node_modules/typescript/lib/package.json' does not exist according to earlier cached lookups.
File '/Users/aarnawa/personal-projects/PortfolioWebsite/my-portfolio/node_modules/typescript/package.json' exists according to earlier cached lookups.
======== Resolving module '@typescript/lib-es2021/intl' from '/Users/aarnawa/personal-projects/PortfolioWebsite/my-portfolio/__lib_node_modules_lookup_lib.es2021.intl.d.ts__.ts'. ========
Explicitly specified module resolution kind: 'Node10'.
Loading module '@typescript/lib-es2021/intl' from 'node_modules' folder, target file types: TypeScript, Declaration.
Searching all ancestor node_modules directories for preferred extensions: TypeScript, Declaration.
Scoped package detected, looking in 'typescript__lib-es2021/intl'
Directory '/Users/aarnawa/personal-projects/PortfolioWebsite/node_modules' does not exist, skipping all lookups in it.
Scoped package detected, looking in 'typescript__lib-es2021/intl'
Directory '/Users/aarnawa/personal-projects/node_modules' does not exist, skipping all lookups in it.
Scoped package detected, looking in 'typescript__lib-es2021/intl'
Directory '/Users/aarnawa/node_modules' does not exist, skipping all lookups in it.
Scoped package detected, looking in 'typescript__lib-es2021/intl'
Directory '/Users/node_modules' does not exist, skipping all lookups in it.
Scoped package detected, looking in 'typescript__lib-es2021/intl'
Directory '/node_modules' does not exist, skipping all lookups in it.
Scoped package detected, looking in 'typescript__lib-es2021/intl'
Loading module '@typescript/lib-es2021/intl' from 'node_modules' folder, target file types: JavaScript.
Searching all ancestor node_modules directories for fallback extensions: JavaScript.
Directory '/Users/aarnawa/personal-projects/PortfolioWebsite/node_modules' does not exist, skipping all lookups in it.
Directory '/Users/aarnawa/personal-projects/node_modules' does not exist, skipping all lookups in it.
Directory '/Users/aarnawa/node_modules' does not exist, skipping all lookups in it.
Directory '/Users/node_modules' does not exist, skipping all lookups in it.
Directory '/node_modules' does not exist, skipping all lookups in it.
======== Module name '@typescript/lib-es2021/intl' was not resolved. ========
File '/Users/aarnawa/personal-projects/PortfolioWebsite/my-portfolio/node_modules/typescript/lib/package.json' does not exist according to earlier cached lookups.
File '/Users/aarnawa/personal-projects/PortfolioWebsite/my-portfolio/node_modules/typescript/package.json' exists according to earlier cached lookups.
======== Resolving module '@typescript/lib-es2022/array' from '/Users/aarnawa/personal-projects/PortfolioWebsite/my-portfolio/__lib_node_modules_lookup_lib.es2022.array.d.ts__.ts'. ========
Explicitly specified module resolution kind: 'Node10'.
Loading module '@typescript/lib-es2022/array' from 'node_modules' folder, target file types: TypeScript, Declaration.
Searching all ancestor node_modules directories for preferred extensions: TypeScript, Declaration.
Scoped package detected, looking in 'typescript__lib-es2022/array'
Directory '/Users/aarnawa/personal-projects/PortfolioWebsite/node_modules' does not exist, skipping all lookups in it.
Scoped package detected, looking in 'typescript__lib-es2022/array'
Directory '/Users/aarnawa/personal-projects/node_modules' does not exist, skipping all lookups in it.
Scoped package detected, looking in 'typescript__lib-es2022/array'
Directory '/Users/aarnawa/node_modules' does not exist, skipping all lookups in it.
Scoped package detected, looking in 'typescript__lib-es2022/array'
Directory '/Users/node_modules' does not exist, skipping all lookups in it.
Scoped package detected, looking in 'typescript__lib-es2022/array'
Directory '/node_modules' does not exist, skipping all lookups in it.
Scoped package detected, looking in 'typescript__lib-es2022/array'
Loading module '@typescript/lib-es2022/array' from 'node_modules' folder, target file types: JavaScript.
Searching all ancestor node_modules directories for fallback extensions: JavaScript.
Directory '/Users/aarnawa/personal-projects/PortfolioWebsite/node_modules' does not exist, skipping all lookups in it.
Directory '/Users/aarnawa/personal-projects/node_modules' does not exist, skipping all lookups in it.
Directory '/Users/aarnawa/node_modules' does not exist, skipping all lookups in it.
Directory '/Users/node_modules' does not exist, skipping all lookups in it.
Directory '/node_modules' does not exist, skipping all lookups in it.
======== Module name '@typescript/lib-es2022/array' was not resolved. ========
File '/Users/aarnawa/personal-projects/PortfolioWebsite/my-portfolio/node_modules/typescript/lib/package.json' does not exist according to earlier cached lookups.
File '/Users/aarnawa/personal-projects/PortfolioWebsite/my-portfolio/node_modules/typescript/package.json' exists according to earlier cached lookups.
======== Resolving module '@typescript/lib-es2022/error' from '/Users/aarnawa/personal-projects/PortfolioWebsite/my-portfolio/__lib_node_modules_lookup_lib.es2022.error.d.ts__.ts'. ========
Explicitly specified module resolution kind: 'Node10'.
Loading module '@typescript/lib-es2022/error' from 'node_modules' folder, target file types: TypeScript, Declaration.
Searching all ancestor node_modules directories for preferred extensions: TypeScript, Declaration.
Scoped package detected, looking in 'typescript__lib-es2022/error'
Directory '/Users/aarnawa/personal-projects/PortfolioWebsite/node_modules' does not exist, skipping all lookups in it.
Scoped package detected, looking in 'typescript__lib-es2022/error'
Directory '/Users/aarnawa/personal-projects/node_modules' does not exist, skipping all lookups in it.
Scoped package detected, looking in 'typescript__lib-es2022/error'
Directory '/Users/aarnawa/node_modules' does not exist, skipping all lookups in it.
Scoped package detected, looking in 'typescript__lib-es2022/error'
Directory '/Users/node_modules' does not exist, skipping all lookups in it.
Scoped package detected, looking in 'typescript__lib-es2022/error'
Directory '/node_modules' does not exist, skipping all lookups in it.
Scoped package detected, looking in 'typescript__lib-es2022/error'
Loading module '@typescript/lib-es2022/error' from 'node_modules' folder, target file types: JavaScript.
Searching all ancestor node_modules directories for fallback extensions: JavaScript.
Directory '/Users/aarnawa/personal-projects/PortfolioWebsite/node_modules' does not exist, skipping all lookups in it.
Directory '/Users/aarnawa/personal-projects/node_modules' does not exist, skipping all lookups in it.
Directory '/Users/aarnawa/node_modules' does not exist, skipping all lookups in it.
Directory '/Users/node_modules' does not exist, skipping all lookups in it.
Directory '/node_modules' does not exist, skipping all lookups in it.
======== Module name '@typescript/lib-es2022/error' was not resolved. ========
File '/Users/aarnawa/personal-projects/PortfolioWebsite/my-portfolio/node_modules/typescript/lib/package.json' does not exist according to earlier cached lookups.
File '/Users/aarnawa/personal-projects/PortfolioWebsite/my-portfolio/node_modules/typescript/package.json' exists according to earlier cached lookups.
======== Resolving module '@typescript/lib-es2022/intl' from '/Users/aarnawa/personal-projects/PortfolioWebsite/my-portfolio/__lib_node_modules_lookup_lib.es2022.intl.d.ts__.ts'. ========
Explicitly specified module resolution kind: 'Node10'.
Loading module '@typescript/lib-es2022/intl' from 'node_modules' folder, target file types: TypeScript, Declaration.
Searching all ancestor node_modules directories for preferred extensions: TypeScript, Declaration.
Scoped package detected, looking in 'typescript__lib-es2022/intl'
Directory '/Users/aarnawa/personal-projects/PortfolioWebsite/node_modules' does not exist, skipping all lookups in it.
Scoped package detected, looking in 'typescript__lib-es2022/intl'
Directory '/Users/aarnawa/personal-projects/node_modules' does not exist, skipping all lookups in it.
Scoped package detected, looking in 'typescript__lib-es2022/intl'
Directory '/Users/aarnawa/node_modules' does not exist, skipping all lookups in it.
Scoped package detected, looking in 'typescript__lib-es2022/intl'
Directory '/Users/node_modules' does not exist, skipping all lookups in it.
Scoped package detected, looking in 'typescript__lib-es2022/intl'
Directory '/node_modules' does not exist, skipping all lookups in it.
Scoped package detected, looking in 'typescript__lib-es2022/intl'
Loading module '@typescript/lib-es2022/intl' from 'node_modules' folder, target file types: JavaScript.
Searching all ancestor node_modules directories for fallback extensions: JavaScript.
Directory '/Users/aarnawa/personal-projects/PortfolioWebsite/node_modules' does not exist, skipping all lookups in it.
Directory '/Users/aarnawa/personal-projects/node_modules' does not exist, skipping all lookups in it.
Directory '/Users/aarnawa/node_modules' does not exist, skipping all lookups in it.
Directory '/Users/node_modules' does not exist, skipping all lookups in it.
Directory '/node_modules' does not exist, skipping all lookups in it.
======== Module name '@typescript/lib-es2022/intl' was not resolved. ========
File '/Users/aarnawa/personal-projects/PortfolioWebsite/my-portfolio/node_modules/typescript/lib/package.json' does not exist according to earlier cached lookups.
File '/Users/aarnawa/personal-projects/PortfolioWebsite/my-portfolio/node_modules/typescript/package.json' exists according to earlier cached lookups.
======== Resolving module '@typescript/lib-es2022/object' from '/Users/aarnawa/personal-projects/PortfolioWebsite/my-portfolio/__lib_node_modules_lookup_lib.es2022.object.d.ts__.ts'. ========
Explicitly specified module resolution kind: 'Node10'.
Loading module '@typescript/lib-es2022/object' from 'node_modules' folder, target file types: TypeScript, Declaration.
Searching all ancestor node_modules directories for preferred extensions: TypeScript, Declaration.
Scoped package detected, looking in 'typescript__lib-es2022/object'
Directory '/Users/aarnawa/personal-projects/PortfolioWebsite/node_modules' does not exist, skipping all lookups in it.
Scoped package detected, looking in 'typescript__lib-es2022/object'
Directory '/Users/aarnawa/personal-projects/node_modules' does not exist, skipping all lookups in it.
Scoped package detected, looking in 'typescript__lib-es2022/object'
Directory '/Users/aarnawa/node_modules' does not exist, skipping all lookups in it.
Scoped package detected, looking in 'typescript__lib-es2022/object'
Directory '/Users/node_modules' does not exist, skipping all lookups in it.
Scoped package detected, looking in 'typescript__lib-es2022/object'
Directory '/node_modules' does not exist, skipping all lookups in it.
Scoped package detected, looking in 'typescript__lib-es2022/object'
Loading module '@typescript/lib-es2022/object' from 'node_modules' folder, target file types: JavaScript.
Searching all ancestor node_modules directories for fallback extensions: JavaScript.
Directory '/Users/aarnawa/personal-projects/PortfolioWebsite/node_modules' does not exist, skipping all lookups in it.
Directory '/Users/aarnawa/personal-projects/node_modules' does not exist, skipping all lookups in it.
Directory '/Users/aarnawa/node_modules' does not exist, skipping all lookups in it.
Directory '/Users/node_modules' does not exist, skipping all lookups in it.
Directory '/node_modules' does not exist, skipping all lookups in it.
======== Module name '@typescript/lib-es2022/object' was not resolved. ========
File '/Users/aarnawa/personal-projects/PortfolioWebsite/my-portfolio/node_modules/typescript/lib/package.json' does not exist according to earlier cached lookups.
File '/Users/aarnawa/personal-projects/PortfolioWebsite/my-portfolio/node_modules/typescript/package.json' exists according to earlier cached lookups.
======== Resolving module '@typescript/lib-es2022/regexp' from '/Users/aarnawa/personal-projects/PortfolioWebsite/my-portfolio/__lib_node_modules_lookup_lib.es2022.regexp.d.ts__.ts'. ========
Explicitly specified module resolution kind: 'Node10'.
Loading module '@typescript/lib-es2022/regexp' from 'node_modules' folder, target file types: TypeScript, Declaration.
Searching all ancestor node_modules directories for preferred extensions: TypeScript, Declaration.
Scoped package detected, looking in 'typescript__lib-es2022/regexp'
Directory '/Users/aarnawa/personal-projects/PortfolioWebsite/node_modules' does not exist, skipping all lookups in it.
Scoped package detected, looking in 'typescript__lib-es2022/regexp'
Directory '/Users/aarnawa/personal-projects/node_modules' does not exist, skipping all lookups in it.
Scoped package detected, looking in 'typescript__lib-es2022/regexp'
Directory '/Users/aarnawa/node_modules' does not exist, skipping all lookups in it.
Scoped package detected, looking in 'typescript__lib-es2022/regexp'
Directory '/Users/node_modules' does not exist, skipping all lookups in it.
Scoped package detected, looking in 'typescript__lib-es2022/regexp'
Directory '/node_modules' does not exist, skipping all lookups in it.
Scoped package detected, looking in 'typescript__lib-es2022/regexp'
Loading module '@typescript/lib-es2022/regexp' from 'node_modules' folder, target file types: JavaScript.
Searching all ancestor node_modules directories for fallback extensions: JavaScript.
Directory '/Users/aarnawa/personal-projects/PortfolioWebsite/node_modules' does not exist, skipping all lookups in it.
Directory '/Users/aarnawa/personal-projects/node_modules' does not exist, skipping all lookups in it.
Directory '/Users/aarnawa/node_modules' does not exist, skipping all lookups in it.
Directory '/Users/node_modules' does not exist, skipping all lookups in it.
Directory '/node_modules' does not exist, skipping all lookups in it.
======== Module name '@typescript/lib-es2022/regexp' was not resolved. ========
File '/Users/aarnawa/personal-projects/PortfolioWebsite/my-portfolio/node_modules/typescript/lib/package.json' does not exist according to earlier cached lookups.
File '/Users/aarnawa/personal-projects/PortfolioWebsite/my-portfolio/node_modules/typescript/package.json' exists according to earlier cached lookups.
======== Resolving module '@typescript/lib-es2022/string' from '/Users/aarnawa/personal-projects/PortfolioWebsite/my-portfolio/__lib_node_modules_lookup_lib.es2022.string.d.ts__.ts'. ========
Explicitly specified module resolution kind: 'Node10'.
Loading module '@typescript/lib-es2022/string' from 'node_modules' folder, target file types: TypeScript, Declaration.
Searching all ancestor node_modules directories for preferred extensions: TypeScript, Declaration.
Scoped package detected, looking in 'typescript__lib-es2022/string'
Directory '/Users/aarnawa/personal-projects/PortfolioWebsite/node_modules' does not exist, skipping all lookups in it.
Scoped package detected, looking in 'typescript__lib-es2022/string'
Directory '/Users/aarnawa/personal-projects/node_modules' does not exist, skipping all lookups in it.
Scoped package detected, looking in 'typescript__lib-es2022/string'
Directory '/Users/aarnawa/node_modules' does not exist, skipping all lookups in it.
Scoped package detected, looking in 'typescript__lib-es2022/string'
Directory '/Users/node_modules' does not exist, skipping all lookups in it.
Scoped package detected, looking in 'typescript__lib-es2022/string'
Directory '/node_modules' does not exist, skipping all lookups in it.
Scoped package detected, looking in 'typescript__lib-es2022/string'
Loading module '@typescript/lib-es2022/string' from 'node_modules' folder, target file types: JavaScript.
Searching all ancestor node_modules directories for fallback extensions: JavaScript.
Directory '/Users/aarnawa/personal-projects/PortfolioWebsite/node_modules' does not exist, skipping all lookups in it.
Directory '/Users/aarnawa/personal-projects/node_modules' does not exist, skipping all lookups in it.
Directory '/Users/aarnawa/node_modules' does not exist, skipping all lookups in it.
Directory '/Users/node_modules' does not exist, skipping all lookups in it.
Directory '/node_modules' does not exist, skipping all lookups in it.
======== Module name '@typescript/lib-es2022/string' was not resolved. ========
File '/Users/aarnawa/personal-projects/PortfolioWebsite/my-portfolio/node_modules/typescript/lib/package.json' does not exist according to earlier cached lookups.
File '/Users/aarnawa/personal-projects/PortfolioWebsite/my-portfolio/node_modules/typescript/package.json' exists according to earlier cached lookups.
======== Resolving module '@typescript/lib-dom' from '/Users/aarnawa/personal-projects/PortfolioWebsite/my-portfolio/__lib_node_modules_lookup_lib.dom.d.ts__.ts'. ========
Explicitly specified module resolution kind: 'Node10'.
Loading module '@typescript/lib-dom' from 'node_modules' folder, target file types: TypeScript, Declaration.
Searching all ancestor node_modules directories for preferred extensions: TypeScript, Declaration.
Scoped package detected, looking in 'typescript__lib-dom'
File '/Users/aarnawa/personal-projects/PortfolioWebsite/my-portfolio/node_modules/@types/typescript__lib-dom.d.ts' does not exist.
Directory '/Users/aarnawa/personal-projects/PortfolioWebsite/node_modules' does not exist, skipping all lookups in it.
Scoped package detected, looking in 'typescript__lib-dom'
Directory '/Users/aarnawa/personal-projects/node_modules' does not exist, skipping all lookups in it.
Scoped package detected, looking in 'typescript__lib-dom'
Directory '/Users/aarnawa/node_modules' does not exist, skipping all lookups in it.
Scoped package detected, looking in 'typescript__lib-dom'
Directory '/Users/node_modules' does not exist, skipping all lookups in it.
Scoped package detected, looking in 'typescript__lib-dom'
Directory '/node_modules' does not exist, skipping all lookups in it.
Scoped package detected, looking in 'typescript__lib-dom'
Loading module '@typescript/lib-dom' from 'node_modules' folder, target file types: JavaScript.
Searching all ancestor node_modules directories for fallback extensions: JavaScript.
Directory '/Users/aarnawa/personal-projects/PortfolioWebsite/node_modules' does not exist, skipping all lookups in it.
Directory '/Users/aarnawa/personal-projects/node_modules' does not exist, skipping all lookups in it.
Directory '/Users/aarnawa/node_modules' does not exist, skipping all lookups in it.
Directory '/Users/node_modules' does not exist, skipping all lookups in it.
Directory '/node_modules' does not exist, skipping all lookups in it.
======== Module name '@typescript/lib-dom' was not resolved. ========
File '/Users/aarnawa/personal-projects/PortfolioWebsite/my-portfolio/node_modules/typescript/lib/package.json' does not exist according to earlier cached lookups.
File '/Users/aarnawa/personal-projects/PortfolioWebsite/my-portfolio/node_modules/typescript/package.json' exists according to earlier cached lookups.
======== Resolving module '@typescript/lib-dom/iterable' from '/Users/aarnawa/personal-projects/PortfolioWebsite/my-portfolio/__lib_node_modules_lookup_lib.dom.iterable.d.ts__.ts'. ========
Explicitly specified module resolution kind: 'Node10'.
Loading module '@typescript/lib-dom/iterable' from 'node_modules' folder, target file types: TypeScript, Declaration.
Searching all ancestor node_modules directories for preferred extensions: TypeScript, Declaration.
Scoped package detected, looking in 'typescript__lib-dom/iterable'
Directory '/Users/aarnawa/personal-projects/PortfolioWebsite/node_modules' does not exist, skipping all lookups in it.
Scoped package detected, looking in 'typescript__lib-dom/iterable'
Directory '/Users/aarnawa/personal-projects/node_modules' does not exist, skipping all lookups in it.
Scoped package detected, looking in 'typescript__lib-dom/iterable'
Directory '/Users/aarnawa/node_modules' does not exist, skipping all lookups in it.
Scoped package detected, looking in 'typescript__lib-dom/iterable'
Directory '/Users/node_modules' does not exist, skipping all lookups in it.
Scoped package detected, looking in 'typescript__lib-dom/iterable'
Directory '/node_modules' does not exist, skipping all lookups in it.
Scoped package detected, looking in 'typescript__lib-dom/iterable'
Loading module '@typescript/lib-dom/iterable' from 'node_modules' folder, target file types: JavaScript.
Searching all ancestor node_modules directories for fallback extensions: JavaScript.
Directory '/Users/aarnawa/personal-projects/PortfolioWebsite/node_modules' does not exist, skipping all lookups in it.
Directory '/Users/aarnawa/personal-projects/node_modules' does not exist, skipping all lookups in it.
Directory '/Users/aarnawa/node_modules' does not exist, skipping all lookups in it.
Directory '/Users/node_modules' does not exist, skipping all lookups in it.
Directory '/node_modules' does not exist, skipping all lookups in it.
======== Module name '@typescript/lib-dom/iterable' was not resolved. ========
File '/Users/aarnawa/personal-projects/PortfolioWebsite/my-portfolio/node_modules/typescript/lib/package.json' does not exist according to earlier cached lookups.
File '/Users/aarnawa/personal-projects/PortfolioWebsite/my-portfolio/node_modules/typescript/package.json' exists according to earlier cached lookups.
src/components/Education.tsx(1,10): error TS2305: Module '"../content/resume"' has no exported member 'resume'.
src/components/Education.tsx(1,23): error TS2305: Module '"../content/resume"' has no exported member 'EducationItem'.
src/components/Experience.tsx(1,10): error TS2305: Module '"../content/resume"' has no exported member 'resume'.
src/components/Experience.tsx(1,23): error TS2305: Module '"../content/resume"' has no exported member 'ExperienceItem'.
src/components/Header.tsx(1,10): error TS2305: Module '"../content/resume"' has no exported member 'resume'.
src/components/Header.tsx(1,23): error TS2305: Module '"../content/resume"' has no exported member 'Link'.
src/components/Projects.tsx(1,10): error TS2305: Module '"../content/resume"' has no exported member 'resume'.
src/components/Projects.tsx(1,23): error TS2305: Module '"../content/resume"' has no exported member 'ProjectItem'.
src/components/Projects.tsx(1,41): error TS2305: Module '"../content/resume"' has no exported member 'Link'.
src/components/Skills.tsx(1,10): error TS2305: Module '"../content/resume"' has no exported member 'resume'.
